{"meta": {"format": 3, "version": "7.12.0", "timestamp": "2025-11-26T14:12:48.380856", "branch_coverage": false, "show_contexts": false}, "files": {"src/quantum_ai/__init__.py": {"executed_lines": [1, 14, 22, 29, 37, 44, 69], "summary": {"covered_lines": 6, "num_statements": 6, "percent_covered": 100.0, "percent_covered_display": "100", "missing_lines": 0, "excluded_lines": 0, "percent_statements_covered": 100.0, "percent_statements_covered_display": "100"}, "missing_lines": [], "excluded_lines": [], "functions": {"": {"executed_lines": [1, 14, 22, 29, 37, 44, 69], "summary": {"covered_lines": 6, "num_statements": 6, "percent_covered": 100.0, "percent_covered_display": "100", "missing_lines": 0, "excluded_lines": 0, "percent_statements_covered": 100.0, "percent_statements_covered_display": "100"}, "missing_lines": [], "excluded_lines": []}}, "classes": {"": {"executed_lines": [1, 14, 22, 29, 37, 44, 69], "summary": {"covered_lines": 6, "num_statements": 6, "percent_covered": 100.0, "percent_covered_display": "100", "missing_lines": 0, "excluded_lines": 0, "percent_statements_covered": 100.0, "percent_statements_covered_display": "100"}, "missing_lines": [], "excluded_lines": []}}}, "src/quantum_ai/quantum_algorithms.py": {"executed_lines": [1, 13, 14, 15, 16, 17, 18, 20, 23, 24, 26, 27, 28, 29, 30, 31, 34, 35, 36, 38, 39, 41, 43, 45, 46, 47, 49, 55, 57, 60, 61, 62, 63, 64, 65, 69, 71, 74, 75, 84, 91, 92, 93, 94, 96, 104, 105, 106, 107, 108, 109, 111, 112, 114, 116, 117, 119, 120, 122, 123, 124, 125, 126, 128, 130, 132, 133, 135, 136, 137, 138, 143, 145, 147, 148, 150, 151, 152, 153, 154, 159, 161, 163, 164, 165, 167, 172, 173, 182, 189, 190, 191, 192, 194, 205, 207, 210, 211, 214, 216, 219, 222, 224, 230, 232, 235, 236, 237, 239, 242, 243, 244, 247, 248, 257, 271, 272, 273, 274, 275, 276, 277, 279, 294, 296, 298, 299, 302, 305, 306, 307, 310, 311, 314, 316, 318, 319, 321, 324, 326, 327, 328, 331, 332, 333, 335, 340], "summary": {"covered_lines": 141, "num_statements": 146, "percent_covered": 96.57534246575342, "percent_covered_display": "97", "missing_lines": 5, "excluded_lines": 0, "percent_statements_covered": 96.57534246575342, "percent_statements_covered_display": "97"}, "missing_lines": [51, 52, 53, 67, 169], "excluded_lines": [], "functions": {"QuantumState.__post_init__": {"executed_lines": [43, 45, 46, 47], "summary": {"covered_lines": 4, "num_statements": 4, "percent_covered": 100.0, "percent_covered_display": "100", "missing_lines": 0, "excluded_lines": 0, "percent_statements_covered": 100.0, "percent_statements_covered_display": "100"}, "missing_lines": [], "excluded_lines": []}, "QuantumState.normalize": {"executed_lines": [], "summary": {"covered_lines": 0, "num_statements": 3, "percent_covered": 0.0, "percent_covered_display": "0", "missing_lines": 3, "excluded_lines": 0, "percent_statements_covered": 0.0, "percent_statements_covered_display": "0"}, "missing_lines": [51, 52, 53], "excluded_lines": []}, "QuantumState.measure": {"executed_lines": [57, 60, 61, 62, 63, 64, 65], "summary": {"covered_lines": 7, "num_statements": 8, "percent_covered": 87.5, "percent_covered_display": "88", "missing_lines": 1, "excluded_lines": 0, "percent_statements_covered": 87.5, "percent_statements_covered_display": "88"}, "missing_lines": [67], "excluded_lines": []}, "QuantumState.get_probabilities": {"executed_lines": [71], "summary": {"covered_lines": 1, "num_statements": 1, "percent_covered": 100.0, "percent_covered_display": "100", "missing_lines": 0, "excluded_lines": 0, "percent_statements_covered": 100.0, "percent_statements_covered_display": "100"}, "missing_lines": [], "excluded_lines": []}, "QuantumCircuit.__init__": {"executed_lines": [91, 92, 93, 94], "summary": {"covered_lines": 4, "num_statements": 4, "percent_covered": 100.0, "percent_covered_display": "100", "missing_lines": 0, "excluded_lines": 0, "percent_statements_covered": 100.0, "percent_statements_covered_display": "100"}, "missing_lines": [], "excluded_lines": []}, "QuantumCircuit.apply_gate": {"executed_lines": [104, 105, 106, 107, 108, 109, 111, 112], "summary": {"covered_lines": 8, "num_statements": 8, "percent_covered": 100.0, "percent_covered_display": "100", "missing_lines": 0, "excluded_lines": 0, "percent_statements_covered": 100.0, "percent_statements_covered_display": "100"}, "missing_lines": [], "excluded_lines": []}, "QuantumCircuit._apply_hadamard": {"executed_lines": [116, 117, 119, 120, 122, 123, 124, 125, 126, 128], "summary": {"covered_lines": 10, "num_statements": 10, "percent_covered": 100.0, "percent_covered_display": "100", "missing_lines": 0, "excluded_lines": 0, "percent_statements_covered": 100.0, "percent_statements_covered_display": "100"}, "missing_lines": [], "excluded_lines": []}, "QuantumCircuit._apply_pauli_x": {"executed_lines": [132, 133, 135, 136, 137, 138, 143], "summary": {"covered_lines": 7, "num_statements": 7, "percent_covered": 100.0, "percent_covered_display": "100", "missing_lines": 0, "excluded_lines": 0, "percent_statements_covered": 100.0, "percent_statements_covered_display": "100"}, "missing_lines": [], "excluded_lines": []}, "QuantumCircuit._apply_cnot": {"executed_lines": [147, 148, 150, 151, 152, 153, 154, 159], "summary": {"covered_lines": 8, "num_statements": 8, "percent_covered": 100.0, "percent_covered_display": "100", "missing_lines": 0, "excluded_lines": 0, "percent_statements_covered": 100.0, "percent_statements_covered_display": "100"}, "missing_lines": [], "excluded_lines": []}, "QuantumCircuit.measure": {"executed_lines": [163, 164, 165], "summary": {"covered_lines": 3, "num_statements": 3, "percent_covered": 100.0, "percent_covered_display": "100", "missing_lines": 0, "excluded_lines": 0, "percent_statements_covered": 100.0, "percent_statements_covered_display": "100"}, "missing_lines": [], "excluded_lines": []}, "QuantumCircuit.get_state_vector": {"executed_lines": [], "summary": {"covered_lines": 0, "num_statements": 1, "percent_covered": 0.0, "percent_covered_display": "0", "missing_lines": 1, "excluded_lines": 0, "percent_statements_covered": 0.0, "percent_statements_covered_display": "0"}, "missing_lines": [169], "excluded_lines": []}, "GroverSearch.__init__": {"executed_lines": [189, 190, 191, 192], "summary": {"covered_lines": 4, "num_statements": 4, "percent_covered": 100.0, "percent_covered_display": "100", "missing_lines": 0, "excluded_lines": 0, "percent_statements_covered": 100.0, "percent_statements_covered_display": "100"}, "missing_lines": [], "excluded_lines": []}, "GroverSearch.search": {"executed_lines": [205, 207, 210, 211, 214, 216, 219, 222, 224, 230], "summary": {"covered_lines": 10, "num_statements": 10, "percent_covered": 100.0, "percent_covered_display": "100", "missing_lines": 0, "excluded_lines": 0, "percent_statements_covered": 100.0, "percent_statements_covered_display": "100"}, "missing_lines": [], "excluded_lines": []}, "GroverSearch._apply_oracle": {"executed_lines": [235, 236, 237], "summary": {"covered_lines": 3, "num_statements": 3, "percent_covered": 100.0, "percent_covered_display": "100", "missing_lines": 0, "excluded_lines": 0, "percent_statements_covered": 100.0, "percent_statements_covered_display": "100"}, "missing_lines": [], "excluded_lines": []}, "GroverSearch._apply_diffusion": {"executed_lines": [242, 243, 244], "summary": {"covered_lines": 3, "num_statements": 3, "percent_covered": 100.0, "percent_covered_display": "100", "missing_lines": 0, "excluded_lines": 0, "percent_statements_covered": 100.0, "percent_statements_covered_display": "100"}, "missing_lines": [], "excluded_lines": []}, "QuantumAnnealer.__init__": {"executed_lines": [271, 272, 273, 274, 275, 276, 277], "summary": {"covered_lines": 7, "num_statements": 7, "percent_covered": 100.0, "percent_covered_display": "100", "missing_lines": 0, "excluded_lines": 0, "percent_statements_covered": 100.0, "percent_statements_covered_display": "100"}, "missing_lines": [], "excluded_lines": []}, "QuantumAnnealer.anneal": {"executed_lines": [294, 296, 298, 299, 302, 305, 306, 307, 310, 311, 314, 316, 318, 319, 321, 324, 326, 327, 328, 331, 332, 333, 335, 340], "summary": {"covered_lines": 24, "num_statements": 24, "percent_covered": 100.0, "percent_covered_display": "100", "missing_lines": 0, "excluded_lines": 0, "percent_statements_covered": 100.0, "percent_statements_covered_display": "100"}, "missing_lines": [], "excluded_lines": []}, "": {"executed_lines": [1, 13, 14, 15, 16, 17, 18, 20, 23, 24, 26, 27, 28, 29, 30, 31, 34, 35, 36, 38, 39, 41, 49, 55, 69, 74, 75, 84, 96, 114, 130, 145, 161, 167, 172, 173, 182, 194, 232, 239, 247, 248, 257, 279], "summary": {"covered_lines": 38, "num_statements": 38, "percent_covered": 100.0, "percent_covered_display": "100", "missing_lines": 0, "excluded_lines": 0, "percent_statements_covered": 100.0, "percent_statements_covered_display": "100"}, "missing_lines": [], "excluded_lines": []}}, "classes": {"QuantumGate": {"executed_lines": [], "summary": {"covered_lines": 0, "num_statements": 0, "percent_covered": 100.0, "percent_covered_display": "100", "missing_lines": 0, "excluded_lines": 0, "percent_statements_covered": 100.0, "percent_statements_covered_display": "100"}, "missing_lines": [], "excluded_lines": []}, "QuantumState": {"executed_lines": [43, 45, 46, 47, 57, 60, 61, 62, 63, 64, 65, 71], "summary": {"covered_lines": 12, "num_statements": 16, "percent_covered": 75.0, "percent_covered_display": "75", "missing_lines": 4, "excluded_lines": 0, "percent_statements_covered": 75.0, "percent_statements_covered_display": "75"}, "missing_lines": [51, 52, 53, 67], "excluded_lines": []}, "QuantumCircuit": {"executed_lines": [91, 92, 93, 94, 104, 105, 106, 107, 108, 109, 111, 112, 116, 117, 119, 120, 122, 123, 124, 125, 126, 128, 132, 133, 135, 136, 137, 138, 143, 147, 148, 150, 151, 152, 153, 154, 159, 163, 164, 165], "summary": {"covered_lines": 40, "num_statements": 41, "percent_covered": 97.5609756097561, "percent_covered_display": "98", "missing_lines": 1, "excluded_lines": 0, "percent_statements_covered": 97.5609756097561, "percent_statements_covered_display": "98"}, "missing_lines": [169], "excluded_lines": []}, "GroverSearch": {"executed_lines": [189, 190, 191, 192, 205, 207, 210, 211, 214, 216, 219, 222, 224, 230, 235, 236, 237, 242, 243, 244], "summary": {"covered_lines": 20, "num_statements": 20, "percent_covered": 100.0, "percent_covered_display": "100", "missing_lines": 0, "excluded_lines": 0, "percent_statements_covered": 100.0, "percent_statements_covered_display": "100"}, "missing_lines": [], "excluded_lines": []}, "QuantumAnnealer": {"executed_lines": [271, 272, 273, 274, 275, 276, 277, 294, 296, 298, 299, 302, 305, 306, 307, 310, 311, 314, 316, 318, 319, 321, 324, 326, 327, 328, 331, 332, 333, 335, 340], "summary": {"covered_lines": 31, "num_statements": 31, "percent_covered": 100.0, "percent_covered_display": "100", "missing_lines": 0, "excluded_lines": 0, "percent_statements_covered": 100.0, "percent_statements_covered_display": "100"}, "missing_lines": [], "excluded_lines": []}, "": {"executed_lines": [1, 13, 14, 15, 16, 17, 18, 20, 23, 24, 26, 27, 28, 29, 30, 31, 34, 35, 36, 38, 39, 41, 49, 55, 69, 74, 75, 84, 96, 114, 130, 145, 161, 167, 172, 173, 182, 194, 232, 239, 247, 248, 257, 279], "summary": {"covered_lines": 38, "num_statements": 38, "percent_covered": 100.0, "percent_covered_display": "100", "missing_lines": 0, "excluded_lines": 0, "percent_statements_covered": 100.0, "percent_statements_covered_display": "100"}, "missing_lines": [], "excluded_lines": []}}}, "src/quantum_ai/quantum_ml.py": {"executed_lines": [1, 10, 11, 12, 13, 14, 16, 19, 20, 21, 23, 24, 26, 37, 38, 39, 42, 43, 45, 46, 49, 50, 51, 53, 56, 57, 66, 68, 69, 73, 75, 91, 92, 95, 97, 99, 112, 113, 115, 116, 117, 118, 119, 121, 124, 125, 134, 142, 143, 144, 145, 146, 148, 159, 161, 162, 163, 164, 166, 167, 169, 170, 172, 174, 180, 181, 182, 185, 186, 195, 203, 204, 205, 206, 208, 210, 212, 230, 231, 234, 235, 237, 239, 241, 242, 244, 245, 247, 248, 251, 254, 256, 259, 260, 269, 271, 272, 273, 274, 275, 277, 290, 291, 293, 298, 308, 309, 312, 313, 314, 315, 317, 319, 329, 330, 332, 333, 334, 335, 338, 339, 341], "summary": {"covered_lines": 116, "num_statements": 116, "percent_covered": 100.0, "percent_covered_display": "100", "missing_lines": 0, "excluded_lines": 0, "percent_statements_covered": 100.0, "percent_statements_covered_display": "100"}, "missing_lines": [], "excluded_lines": [], "functions": {"QuantumFeatureMap.encode": {"executed_lines": [37, 38, 39, 42, 43, 45, 46, 49, 50, 51, 53], "summary": {"covered_lines": 11, "num_statements": 11, "percent_covered": 100.0, "percent_covered_display": "100", "missing_lines": 0, "excluded_lines": 0, "percent_statements_covered": 100.0, "percent_statements_covered_display": "100"}, "missing_lines": [], "excluded_lines": []}, "QuantumKernel.__init__": {"executed_lines": [68, 69, 73], "summary": {"covered_lines": 3, "num_statements": 3, "percent_covered": 100.0, "percent_covered_display": "100", "missing_lines": 0, "excluded_lines": 0, "percent_statements_covered": 100.0, "percent_statements_covered_display": "100"}, "missing_lines": [], "excluded_lines": []}, "QuantumKernel.compute_kernel": {"executed_lines": [91, 92, 95, 97], "summary": {"covered_lines": 4, "num_statements": 4, "percent_covered": 100.0, "percent_covered_display": "100", "missing_lines": 0, "excluded_lines": 0, "percent_statements_covered": 100.0, "percent_statements_covered_display": "100"}, "missing_lines": [], "excluded_lines": []}, "QuantumKernel.kernel_matrix": {"executed_lines": [112, 113, 115, 116, 117, 118, 119, 121], "summary": {"covered_lines": 8, "num_statements": 8, "percent_covered": 100.0, "percent_covered_display": "100", "missing_lines": 0, "excluded_lines": 0, "percent_statements_covered": 100.0, "percent_statements_covered_display": "100"}, "missing_lines": [], "excluded_lines": []}, "VariationalCircuit.__init__": {"executed_lines": [142, 143, 144, 145, 146], "summary": {"covered_lines": 5, "num_statements": 5, "percent_covered": 100.0, "percent_covered_display": "100", "missing_lines": 0, "excluded_lines": 0, "percent_statements_covered": 100.0, "percent_statements_covered_display": "100"}, "missing_lines": [], "excluded_lines": []}, "VariationalCircuit.forward": {"executed_lines": [159, 161, 162, 163, 164, 166, 167, 169, 170, 172], "summary": {"covered_lines": 10, "num_statements": 10, "percent_covered": 100.0, "percent_covered_display": "100", "missing_lines": 0, "excluded_lines": 0, "percent_statements_covered": 100.0, "percent_statements_covered_display": "100"}, "missing_lines": [], "excluded_lines": []}, "VariationalCircuit.update_parameters": {"executed_lines": [180, 181, 182], "summary": {"covered_lines": 3, "num_statements": 3, "percent_covered": 100.0, "percent_covered_display": "100", "missing_lines": 0, "excluded_lines": 0, "percent_statements_covered": 100.0, "percent_statements_covered_display": "100"}, "missing_lines": [], "excluded_lines": []}, "QuantumNeuralNetwork.__init__": {"executed_lines": [203, 204, 205, 206], "summary": {"covered_lines": 4, "num_statements": 4, "percent_covered": 100.0, "percent_covered_display": "100", "missing_lines": 0, "excluded_lines": 0, "percent_statements_covered": 100.0, "percent_statements_covered_display": "100"}, "missing_lines": [], "excluded_lines": []}, "QuantumNeuralNetwork.predict": {"executed_lines": [210], "summary": {"covered_lines": 1, "num_statements": 1, "percent_covered": 100.0, "percent_covered_display": "100", "missing_lines": 0, "excluded_lines": 0, "percent_statements_covered": 100.0, "percent_statements_covered_display": "100"}, "missing_lines": [], "excluded_lines": []}, "QuantumNeuralNetwork.train_step": {"executed_lines": [230, 231, 234, 235, 237, 239, 241, 242, 244, 245, 247, 248, 251, 254, 256], "summary": {"covered_lines": 15, "num_statements": 15, "percent_covered": 100.0, "percent_covered_display": "100", "missing_lines": 0, "excluded_lines": 0, "percent_statements_covered": 100.0, "percent_statements_covered_display": "100"}, "missing_lines": [], "excluded_lines": []}, "QuantumClassifier.__init__": {"executed_lines": [271, 272, 273, 274, 275], "summary": {"covered_lines": 5, "num_statements": 5, "percent_covered": 100.0, "percent_covered_display": "100", "missing_lines": 0, "excluded_lines": 0, "percent_statements_covered": 100.0, "percent_statements_covered_display": "100"}, "missing_lines": [], "excluded_lines": []}, "QuantumClassifier.fit": {"executed_lines": [290, 291, 293], "summary": {"covered_lines": 3, "num_statements": 3, "percent_covered": 100.0, "percent_covered_display": "100", "missing_lines": 0, "excluded_lines": 0, "percent_statements_covered": 100.0, "percent_statements_covered_display": "100"}, "missing_lines": [], "excluded_lines": []}, "QuantumClassifier.predict": {"executed_lines": [308, 309, 312, 313, 314, 315, 317], "summary": {"covered_lines": 7, "num_statements": 7, "percent_covered": 100.0, "percent_covered_display": "100", "missing_lines": 0, "excluded_lines": 0, "percent_statements_covered": 100.0, "percent_statements_covered_display": "100"}, "missing_lines": [], "excluded_lines": []}, "QuantumClassifier.predict_proba": {"executed_lines": [329, 330, 332, 333, 334, 335, 338, 339, 341], "summary": {"covered_lines": 9, "num_statements": 9, "percent_covered": 100.0, "percent_covered_display": "100", "missing_lines": 0, "excluded_lines": 0, "percent_statements_covered": 100.0, "percent_statements_covered_display": "100"}, "missing_lines": [], "excluded_lines": []}, "": {"executed_lines": [1, 10, 11, 12, 13, 14, 16, 19, 20, 21, 23, 24, 26, 56, 57, 66, 75, 99, 124, 125, 134, 148, 174, 185, 186, 195, 208, 212, 259, 260, 269, 277, 298, 319], "summary": {"covered_lines": 28, "num_statements": 28, "percent_covered": 100.0, "percent_covered_display": "100", "missing_lines": 0, "excluded_lines": 0, "percent_statements_covered": 100.0, "percent_statements_covered_display": "100"}, "missing_lines": [], "excluded_lines": []}}, "classes": {"QuantumFeatureMap": {"executed_lines": [37, 38, 39, 42, 43, 45, 46, 49, 50, 51, 53], "summary": {"covered_lines": 11, "num_statements": 11, "percent_covered": 100.0, "percent_covered_display": "100", "missing_lines": 0, "excluded_lines": 0, "percent_statements_covered": 100.0, "percent_statements_covered_display": "100"}, "missing_lines": [], "excluded_lines": []}, "QuantumKernel": {"executed_lines": [68, 69, 73, 91, 92, 95, 97, 112, 113, 115, 116, 117, 118, 119, 121], "summary": {"covered_lines": 15, "num_statements": 15, "percent_covered": 100.0, "percent_covered_display": "100", "missing_lines": 0, "excluded_lines": 0, "percent_statements_covered": 100.0, "percent_statements_covered_display": "100"}, "missing_lines": [], "excluded_lines": []}, "VariationalCircuit": {"executed_lines": [142, 143, 144, 145, 146, 159, 161, 162, 163, 164, 166, 167, 169, 170, 172, 180, 181, 182], "summary": {"covered_lines": 18, "num_statements": 18, "percent_covered": 100.0, "percent_covered_display": "100", "missing_lines": 0, "excluded_lines": 0, "percent_statements_covered": 100.0, "percent_statements_covered_display": "100"}, "missing_lines": [], "excluded_lines": []}, "QuantumNeuralNetwork": {"executed_lines": [203, 204, 205, 206, 210, 230, 231, 234, 235, 237, 239, 241, 242, 244, 245, 247, 248, 251, 254, 256], "summary": {"covered_lines": 20, "num_statements": 20, "percent_covered": 100.0, "percent_covered_display": "100", "missing_lines": 0, "excluded_lines": 0, "percent_statements_covered": 100.0, "percent_statements_covered_display": "100"}, "missing_lines": [], "excluded_lines": []}, "QuantumClassifier": {"executed_lines": [271, 272, 273, 274, 275, 290, 291, 293, 308, 309, 312, 313, 314, 315, 317, 329, 330, 332, 333, 334, 335, 338, 339, 341], "summary": {"covered_lines": 24, "num_statements": 24, "percent_covered": 100.0, "percent_covered_display": "100", "missing_lines": 0, "excluded_lines": 0, "percent_statements_covered": 100.0, "percent_statements_covered_display": "100"}, "missing_lines": [], "excluded_lines": []}, "": {"executed_lines": [1, 10, 11, 12, 13, 14, 16, 19, 20, 21, 23, 24, 26, 56, 57, 66, 75, 99, 124, 125, 134, 148, 174, 185, 186, 195, 208, 212, 259, 260, 269, 277, 298, 319], "summary": {"covered_lines": 28, "num_statements": 28, "percent_covered": 100.0, "percent_covered_display": "100", "missing_lines": 0, "excluded_lines": 0, "percent_statements_covered": 100.0, "percent_statements_covered_display": "100"}, "missing_lines": [], "excluded_lines": []}}}, "src/quantum_ai/quantum_optimizer.py": {"executed_lines": [1, 10, 11, 12, 13, 15, 18, 19, 28, 46, 66, 67, 76, 93, 142, 174, 191, 214, 215, 224, 235, 289, 315, 316, 325, 335, 381, 395], "summary": {"covered_lines": 23, "num_statements": 146, "percent_covered": 15.753424657534246, "percent_covered_display": "16", "missing_lines": 123, "excluded_lines": 0, "percent_statements_covered": 15.753424657534246, "percent_statements_covered_display": "16"}, "missing_lines": [40, 41, 42, 43, 44, 63, 88, 89, 90, 91, 100, 103, 104, 106, 107, 109, 111, 113, 121, 128, 131, 132, 133, 136, 137, 139, 140, 151, 152, 154, 155, 158, 159, 160, 161, 162, 165, 168, 170, 172, 181, 183, 185, 186, 187, 189, 198, 200, 202, 204, 205, 206, 209, 210, 211, 231, 232, 233, 243, 244, 246, 247, 249, 251, 254, 256, 261, 266, 267, 273, 276, 277, 278, 280, 281, 282, 285, 287, 295, 296, 298, 299, 301, 302, 304, 305, 307, 308, 310, 312, 332, 333, 343, 348, 350, 353, 354, 355, 356, 359, 360, 362, 363, 366, 369, 371, 374, 377, 379, 387, 388, 390, 391, 392, 393, 401, 403, 404, 406, 407, 408, 411, 413], "excluded_lines": [], "functions": {"QuantumOptimizer.__init__": {"executed_lines": [], "summary": {"covered_lines": 0, "num_statements": 5, "percent_covered": 0.0, "percent_covered_display": "0", "missing_lines": 5, "excluded_lines": 0, "percent_statements_covered": 0.0, "percent_statements_covered_display": "0"}, "missing_lines": [40, 41, 42, 43, 44], "excluded_lines": []}, "QuantumOptimizer.optimize": {"executed_lines": [], "summary": {"covered_lines": 0, "num_statements": 1, "percent_covered": 0.0, "percent_covered_display": "0", "missing_lines": 1, "excluded_lines": 0, "percent_statements_covered": 0.0, "percent_statements_covered_display": "0"}, "missing_lines": [63], "excluded_lines": []}, "QAOAOptimizer.__init__": {"executed_lines": [], "summary": {"covered_lines": 0, "num_statements": 4, "percent_covered": 0.0, "percent_covered_display": "0", "missing_lines": 4, "excluded_lines": 0, "percent_statements_covered": 0.0, "percent_statements_covered_display": "0"}, "missing_lines": [88, 89, 90, 91], "excluded_lines": []}, "QAOAOptimizer.optimize": {"executed_lines": [], "summary": {"covered_lines": 0, "num_statements": 17, "percent_covered": 0.0, "percent_covered_display": "0", "missing_lines": 17, "excluded_lines": 0, "percent_statements_covered": 0.0, "percent_statements_covered_display": "0"}, "missing_lines": [100, 103, 104, 106, 107, 109, 111, 113, 121, 128, 131, 132, 133, 136, 137, 139, 140], "excluded_lines": []}, "QAOAOptimizer._apply_problem_unitary": {"executed_lines": [], "summary": {"covered_lines": 0, "num_statements": 13, "percent_covered": 0.0, "percent_covered_display": "0", "missing_lines": 13, "excluded_lines": 0, "percent_statements_covered": 0.0, "percent_statements_covered_display": "0"}, "missing_lines": [151, 152, 154, 155, 158, 159, 160, 161, 162, 165, 168, 170, 172], "excluded_lines": []}, "QAOAOptimizer._apply_mixing_unitary": {"executed_lines": [], "summary": {"covered_lines": 0, "num_statements": 6, "percent_covered": 0.0, "percent_covered_display": "0", "missing_lines": 6, "excluded_lines": 0, "percent_statements_covered": 0.0, "percent_statements_covered_display": "0"}, "missing_lines": [181, 183, 185, 186, 187, 189], "excluded_lines": []}, "QAOAOptimizer._optimize_angles": {"executed_lines": [], "summary": {"covered_lines": 0, "num_statements": 9, "percent_covered": 0.0, "percent_covered_display": "0", "missing_lines": 9, "excluded_lines": 0, "percent_statements_covered": 0.0, "percent_statements_covered_display": "0"}, "missing_lines": [198, 200, 202, 204, 205, 206, 209, 210, 211], "excluded_lines": []}, "QuantumGradientDescent.__init__": {"executed_lines": [], "summary": {"covered_lines": 0, "num_statements": 3, "percent_covered": 0.0, "percent_covered_display": "0", "missing_lines": 3, "excluded_lines": 0, "percent_statements_covered": 0.0, "percent_statements_covered_display": "0"}, "missing_lines": [231, 232, 233], "excluded_lines": []}, "QuantumGradientDescent.optimize": {"executed_lines": [], "summary": {"covered_lines": 0, "num_statements": 20, "percent_covered": 0.0, "percent_covered_display": "0", "missing_lines": 20, "excluded_lines": 0, "percent_statements_covered": 0.0, "percent_statements_covered_display": "0"}, "missing_lines": [243, 244, 246, 247, 249, 251, 254, 256, 261, 266, 267, 273, 276, 277, 278, 280, 281, 282, 285, 287], "excluded_lines": []}, "QuantumGradientDescent._compute_gradient": {"executed_lines": [], "summary": {"covered_lines": 0, "num_statements": 12, "percent_covered": 0.0, "percent_covered_display": "0", "missing_lines": 12, "excluded_lines": 0, "percent_statements_covered": 0.0, "percent_statements_covered_display": "0"}, "missing_lines": [295, 296, 298, 299, 301, 302, 304, 305, 307, 308, 310, 312], "excluded_lines": []}, "QuantumEvolutionStrategy.__init__": {"executed_lines": [], "summary": {"covered_lines": 0, "num_statements": 2, "percent_covered": 0.0, "percent_covered_display": "0", "missing_lines": 2, "excluded_lines": 0, "percent_statements_covered": 0.0, "percent_statements_covered_display": "0"}, "missing_lines": [332, 333], "excluded_lines": []}, "QuantumEvolutionStrategy.optimize": {"executed_lines": [], "summary": {"covered_lines": 0, "num_statements": 17, "percent_covered": 0.0, "percent_covered_display": "0", "missing_lines": 17, "excluded_lines": 0, "percent_statements_covered": 0.0, "percent_statements_covered_display": "0"}, "missing_lines": [343, 348, 350, 353, 354, 355, 356, 359, 360, 362, 363, 366, 369, 371, 374, 377, 379], "excluded_lines": []}, "QuantumEvolutionStrategy._quantum_recombine": {"executed_lines": [], "summary": {"covered_lines": 0, "num_statements": 6, "percent_covered": 0.0, "percent_covered_display": "0", "missing_lines": 6, "excluded_lines": 0, "percent_statements_covered": 0.0, "percent_statements_covered_display": "0"}, "missing_lines": [387, 388, 390, 391, 392, 393], "excluded_lines": []}, "QuantumEvolutionStrategy._quantum_mutate": {"executed_lines": [], "summary": {"covered_lines": 0, "num_statements": 8, "percent_covered": 0.0, "percent_covered_display": "0", "missing_lines": 8, "excluded_lines": 0, "percent_statements_covered": 0.0, "percent_statements_covered_display": "0"}, "missing_lines": [401, 403, 404, 406, 407, 408, 411, 413], "excluded_lines": []}, "": {"executed_lines": [1, 10, 11, 12, 13, 15, 18, 19, 28, 46, 66, 67, 76, 93, 142, 174, 191, 214, 215, 224, 235, 289, 315, 316, 325, 335, 381, 395], "summary": {"covered_lines": 23, "num_statements": 23, "percent_covered": 100.0, "percent_covered_display": "100", "missing_lines": 0, "excluded_lines": 0, "percent_statements_covered": 100.0, "percent_statements_covered_display": "100"}, "missing_lines": [], "excluded_lines": []}}, "classes": {"QuantumOptimizer": {"executed_lines": [], "summary": {"covered_lines": 0, "num_statements": 6, "percent_covered": 0.0, "percent_covered_display": "0", "missing_lines": 6, "excluded_lines": 0, "percent_statements_covered": 0.0, "percent_statements_covered_display": "0"}, "missing_lines": [40, 41, 42, 43, 44, 63], "excluded_lines": []}, "QAOAOptimizer": {"executed_lines": [], "summary": {"covered_lines": 0, "num_statements": 49, "percent_covered": 0.0, "percent_covered_display": "0", "missing_lines": 49, "excluded_lines": 0, "percent_statements_covered": 0.0, "percent_statements_covered_display": "0"}, "missing_lines": [88, 89, 90, 91, 100, 103, 104, 106, 107, 109, 111, 113, 121, 128, 131, 132, 133, 136, 137, 139, 140, 151, 152, 154, 155, 158, 159, 160, 161, 162, 165, 168, 170, 172, 181, 183, 185, 186, 187, 189, 198, 200, 202, 204, 205, 206, 209, 210, 211], "excluded_lines": []}, "QuantumGradientDescent": {"executed_lines": [], "summary": {"covered_lines": 0, "num_statements": 35, "percent_covered": 0.0, "percent_covered_display": "0", "missing_lines": 35, "excluded_lines": 0, "percent_statements_covered": 0.0, "percent_statements_covered_display": "0"}, "missing_lines": [231, 232, 233, 243, 244, 246, 247, 249, 251, 254, 256, 261, 266, 267, 273, 276, 277, 278, 280, 281, 282, 285, 287, 295, 296, 298, 299, 301, 302, 304, 305, 307, 308, 310, 312], "excluded_lines": []}, "QuantumEvolutionStrategy": {"executed_lines": [], "summary": {"covered_lines": 0, "num_statements": 33, "percent_covered": 0.0, "percent_covered_display": "0", "missing_lines": 33, "excluded_lines": 0, "percent_statements_covered": 0.0, "percent_statements_covered_display": "0"}, "missing_lines": [332, 333, 343, 348, 350, 353, 354, 355, 356, 359, 360, 362, 363, 366, 369, 371, 374, 377, 379, 387, 388, 390, 391, 392, 393, 401, 403, 404, 406, 407, 408, 411, 413], "excluded_lines": []}, "": {"executed_lines": [1, 10, 11, 12, 13, 15, 18, 19, 28, 46, 66, 67, 76, 93, 142, 174, 191, 214, 215, 224, 235, 289, 315, 316, 325, 335, 381, 395], "summary": {"covered_lines": 23, "num_statements": 23, "percent_covered": 100.0, "percent_covered_display": "100", "missing_lines": 0, "excluded_lines": 0, "percent_statements_covered": 100.0, "percent_statements_covered_display": "100"}, "missing_lines": [], "excluded_lines": []}}}, "src/quantum_ai/superposition_computing.py": {"executed_lines": [1, 11, 12, 13, 14, 16, 19, 20, 21, 23, 24, 26, 28, 29, 31, 33, 34, 35, 37, 39, 40, 41, 43, 45, 47, 48, 49, 51, 52, 53, 54, 56, 59, 60, 69, 71, 73, 88, 91, 92, 94, 96, 112, 118, 119, 121, 123, 126, 128, 133, 136, 137, 146, 148, 150, 166, 168, 173, 175, 191, 194, 196, 199, 200, 209, 211, 213, 230, 232, 233, 234, 236, 238, 243, 245, 247, 262, 264, 268], "summary": {"covered_lines": 74, "num_statements": 74, "percent_covered": 100.0, "percent_covered_display": "100", "missing_lines": 0, "excluded_lines": 0, "percent_statements_covered": 100.0, "percent_statements_covered_display": "100"}, "missing_lines": [], "excluded_lines": [], "functions": {"SuperpositionState.__post_init__": {"executed_lines": [28, 29], "summary": {"covered_lines": 2, "num_statements": 2, "percent_covered": 100.0, "percent_covered_display": "100", "missing_lines": 0, "excluded_lines": 0, "percent_statements_covered": 100.0, "percent_statements_covered_display": "100"}, "missing_lines": [], "excluded_lines": []}, "SuperpositionState._normalize": {"executed_lines": [33, 34, 35], "summary": {"covered_lines": 3, "num_statements": 3, "percent_covered": 100.0, "percent_covered_display": "100", "missing_lines": 0, "excluded_lines": 0, "percent_statements_covered": 100.0, "percent_statements_covered_display": "100"}, "missing_lines": [], "excluded_lines": []}, "SuperpositionState.add_state": {"executed_lines": [39, 40, 41], "summary": {"covered_lines": 3, "num_statements": 3, "percent_covered": 100.0, "percent_covered_display": "100", "missing_lines": 0, "excluded_lines": 0, "percent_statements_covered": 100.0, "percent_statements_covered_display": "100"}, "missing_lines": [], "excluded_lines": []}, "SuperpositionState.collapse": {"executed_lines": [45, 47, 48, 49, 51, 52, 53, 54, 56], "summary": {"covered_lines": 9, "num_statements": 9, "percent_covered": 100.0, "percent_covered_display": "100", "missing_lines": 0, "excluded_lines": 0, "percent_statements_covered": 100.0, "percent_statements_covered_display": "100"}, "missing_lines": [], "excluded_lines": []}, "SuperpositionProcessor.__init__": {"executed_lines": [71], "summary": {"covered_lines": 1, "num_statements": 1, "percent_covered": 100.0, "percent_covered_display": "100", "missing_lines": 0, "excluded_lines": 0, "percent_statements_covered": 100.0, "percent_statements_covered_display": "100"}, "missing_lines": [], "excluded_lines": []}, "SuperpositionProcessor.evaluate_parallel": {"executed_lines": [88, 91, 92, 94], "summary": {"covered_lines": 4, "num_statements": 4, "percent_covered": 100.0, "percent_covered_display": "100", "missing_lines": 0, "excluded_lines": 0, "percent_statements_covered": 100.0, "percent_statements_covered_display": "100"}, "missing_lines": [], "excluded_lines": []}, "SuperpositionProcessor.quantum_search": {"executed_lines": [112, 118, 119, 121, 123, 126, 128, 133], "summary": {"covered_lines": 8, "num_statements": 8, "percent_covered": 100.0, "percent_covered_display": "100", "missing_lines": 0, "excluded_lines": 0, "percent_statements_covered": 100.0, "percent_statements_covered_display": "100"}, "missing_lines": [], "excluded_lines": []}, "QuantumParallelism.__init__": {"executed_lines": [148], "summary": {"covered_lines": 1, "num_statements": 1, "percent_covered": 100.0, "percent_covered_display": "100", "missing_lines": 0, "excluded_lines": 0, "percent_statements_covered": 100.0, "percent_statements_covered_display": "100"}, "missing_lines": [], "excluded_lines": []}, "QuantumParallelism.parallel_map": {"executed_lines": [166, 168, 173], "summary": {"covered_lines": 3, "num_statements": 3, "percent_covered": 100.0, "percent_covered_display": "100", "missing_lines": 0, "excluded_lines": 0, "percent_statements_covered": 100.0, "percent_statements_covered_display": "100"}, "missing_lines": [], "excluded_lines": []}, "QuantumParallelism.quantum_interference": {"executed_lines": [191, 194, 196], "summary": {"covered_lines": 3, "num_statements": 3, "percent_covered": 100.0, "percent_covered_display": "100", "missing_lines": 0, "excluded_lines": 0, "percent_statements_covered": 100.0, "percent_statements_covered_display": "100"}, "missing_lines": [], "excluded_lines": []}, "StateAmplification.__init__": {"executed_lines": [211], "summary": {"covered_lines": 1, "num_statements": 1, "percent_covered": 100.0, "percent_covered_display": "100", "missing_lines": 0, "excluded_lines": 0, "percent_statements_covered": 100.0, "percent_statements_covered_display": "100"}, "missing_lines": [], "excluded_lines": []}, "StateAmplification.amplify_states": {"executed_lines": [230, 232, 233, 234, 236, 238, 243, 245], "summary": {"covered_lines": 8, "num_statements": 8, "percent_covered": 100.0, "percent_covered_display": "100", "missing_lines": 0, "excluded_lines": 0, "percent_statements_covered": 100.0, "percent_statements_covered_display": "100"}, "missing_lines": [], "excluded_lines": []}, "StateAmplification.select_high_amplitude": {"executed_lines": [262, 264, 268], "summary": {"covered_lines": 3, "num_statements": 3, "percent_covered": 100.0, "percent_covered_display": "100", "missing_lines": 0, "excluded_lines": 0, "percent_statements_covered": 100.0, "percent_statements_covered_display": "100"}, "missing_lines": [], "excluded_lines": []}, "": {"executed_lines": [1, 11, 12, 13, 14, 16, 19, 20, 21, 23, 24, 26, 31, 37, 43, 59, 60, 69, 73, 96, 136, 137, 146, 150, 175, 199, 200, 209, 213, 247], "summary": {"covered_lines": 25, "num_statements": 25, "percent_covered": 100.0, "percent_covered_display": "100", "missing_lines": 0, "excluded_lines": 0, "percent_statements_covered": 100.0, "percent_statements_covered_display": "100"}, "missing_lines": [], "excluded_lines": []}}, "classes": {"SuperpositionState": {"executed_lines": [28, 29, 33, 34, 35, 39, 40, 41, 45, 47, 48, 49, 51, 52, 53, 54, 56], "summary": {"covered_lines": 17, "num_statements": 17, "percent_covered": 100.0, "percent_covered_display": "100", "missing_lines": 0, "excluded_lines": 0, "percent_statements_covered": 100.0, "percent_statements_covered_display": "100"}, "missing_lines": [], "excluded_lines": []}, "SuperpositionProcessor": {"executed_lines": [71, 88, 91, 92, 94, 112, 118, 119, 121, 123, 126, 128, 133], "summary": {"covered_lines": 13, "num_statements": 13, "percent_covered": 100.0, "percent_covered_display": "100", "missing_lines": 0, "excluded_lines": 0, "percent_statements_covered": 100.0, "percent_statements_covered_display": "100"}, "missing_lines": [], "excluded_lines": []}, "QuantumParallelism": {"executed_lines": [148, 166, 168, 173, 191, 194, 196], "summary": {"covered_lines": 7, "num_statements": 7, "percent_covered": 100.0, "percent_covered_display": "100", "missing_lines": 0, "excluded_lines": 0, "percent_statements_covered": 100.0, "percent_statements_covered_display": "100"}, "missing_lines": [], "excluded_lines": []}, "StateAmplification": {"executed_lines": [211, 230, 232, 233, 234, 236, 238, 243, 245, 262, 264, 268], "summary": {"covered_lines": 12, "num_statements": 12, "percent_covered": 100.0, "percent_covered_display": "100", "missing_lines": 0, "excluded_lines": 0, "percent_statements_covered": 100.0, "percent_statements_covered_display": "100"}, "missing_lines": [], "excluded_lines": []}, "": {"executed_lines": [1, 11, 12, 13, 14, 16, 19, 20, 21, 23, 24, 26, 31, 37, 43, 59, 60, 69, 73, 96, 136, 137, 146, 150, 175, 199, 200, 209, 213, 247], "summary": {"covered_lines": 25, "num_statements": 25, "percent_covered": 100.0, "percent_covered_display": "100", "missing_lines": 0, "excluded_lines": 0, "percent_statements_covered": 100.0, "percent_statements_covered_display": "100"}, "missing_lines": [], "excluded_lines": []}}}}, "totals": {"covered_lines": 360, "num_statements": 488, "percent_covered": 73.77049180327869, "percent_covered_display": "74", "missing_lines": 128, "excluded_lines": 0, "percent_statements_covered": 73.77049180327869, "percent_statements_covered_display": "74"}}