<?xml version="1.0" encoding="utf-8"?><testsuites name="pytest tests"><testsuite name="pytest" errors="0" failures="0" skipped="4" tests="3566" time="1898.834" timestamp="2025-11-24T20:40:25.864613-03:00" hostname="kali"><testcase classname="" name="tests.test_e2e_integration" time="0.000"><skipped message="collection skipped">('/home/fahbrain/projects/omnimind/tests/test_e2e_integration.py', 26, 'Skipped: Playwright not installed')</skipped></testcase><testcase classname="" name="tests.test_visual_regression" time="0.000"><skipped message="collection skipped">('/home/fahbrain/projects/omnimind/tests/test_visual_regression.py', 20, 'Skipped: Visual testing dependencies not installed (playwright, PIL)')</skipped></testcase><testcase classname="tests.agents.test_orchestrator_agent.TestAgentMode" name="test_agent_mode_values" time="0.003" /><testcase classname="tests.agents.test_orchestrator_agent.TestOrchestratorAgent" name="test_agent_initialization" time="0.616" /><testcase classname="tests.agents.test_orchestrator_agent.TestOrchestratorAgent" name="test_delegate_task" time="0.605" /><testcase classname="tests.agents.test_orchestrator_agent.TestOrchestratorAgent" name="test_orchestrate_workflow" time="214.811" /><testcase classname="tests.agents.test_orchestrator_agent.TestOrchestratorAgent" name="test_handle_error_in_delegation" time="0.599" /><testcase classname="tests.agents.test_orchestrator_agent.TestOrchestratorAgent" name="test_get_available_agents" time="0.609" /><testcase classname="tests.agents.test_orchestrator_agent.TestOrchestratorAgent" name="test_switch_mode" time="0.594" /><testcase classname="tests.agents.test_react_agent.TestAgentState" name="test_agent_state_structure" time="0.001" /><testcase classname="tests.agents.test_react_agent.TestReactAgent" name="test_agent_initialization" time="0.032" /><testcase classname="tests.agents.test_react_agent.TestReactAgent" name="test_think_step" time="0.032" /><testcase classname="tests.agents.test_react_agent.TestReactAgent" name="test_act_step" time="0.041" /><testcase classname="tests.agents.test_react_agent.TestReactAgent" name="test_observe_step" time="0.030" /><testcase classname="tests.agents.test_react_agent.TestReactAgent" name="test_run_complete_cycle" time="0.050" /><testcase classname="tests.agents.test_react_agent.TestReactAgent" name="test_max_iterations_limit" time="0.031" /><testcase classname="tests.agents.test_react_agent.TestReactAgent" name="test_memory_integration" time="0.032" /><testcase classname="tests.agents.test_react_agent.TestReactAgent" name="test_tool_selection" time="0.033" /><testcase classname="tests.agents.test_react_agent.TestReactAgent" name="test_error_handling_in_tool_execution" time="0.032" /><testcase classname="tests.agents.test_react_agent.TestReactAgentEdgeCases" name="test_missing_config_file" time="0.002" /><testcase classname="tests.agents.test_react_agent.TestReactAgentEdgeCases" name="test_empty_task" time="0.060" /><testcase classname="tests.attention.test_thermodynamic_attention.TestThermodynamicAttention" name="test_initialization" time="0.005" /><testcase classname="tests.attention.test_thermodynamic_attention.TestThermodynamicAttention" name="test_forward_pass" time="0.004" /><testcase classname="tests.attention.test_thermodynamic_attention.TestThermodynamicAttention" name="test_local_entropy_calculation" time="0.002" /><testcase classname="tests.attention.test_thermodynamic_attention.TestThermodynamicAttention" name="test_entropy_gradients" time="0.003" /><testcase classname="tests.attention.test_thermodynamic_attention.TestThermodynamicAttention" name="test_temperature_adjustment" time="0.002" /><testcase classname="tests.attention.test_thermodynamic_attention.TestThermodynamicAttention" name="test_with_mask" time="0.003" /><testcase classname="tests.attention.test_thermodynamic_attention.TestMultiHeadThermodynamicAttention" name="test_initialization" time="0.006" /><testcase classname="tests.attention.test_thermodynamic_attention.TestMultiHeadThermodynamicAttention" name="test_forward_pass" time="0.008" /><testcase classname="tests.attention.test_thermodynamic_attention.TestMultiHeadThermodynamicAttention" name="test_different_head_temperatures" time="0.005" /><testcase classname="tests.attention.test_thermodynamic_attention.TestIntegration" name="test_attention_output_depends_on_entropy" time="0.004" /><testcase classname="tests.attention.test_thermodynamic_attention.TestIntegration" name="test_gradient_flow" time="0.017" /><testcase classname="tests.audit.test_alerting_system.TestAlertSeverity" name="test_alert_severity_values" time="0.003" /><testcase classname="tests.audit.test_alerting_system.TestAlertCategory" name="test_alert_category_values" time="0.002" /><testcase classname="tests.audit.test_alerting_system.TestAlert" name="test_alert_initialization" time="0.001" /><testcase classname="tests.audit.test_alerting_system.TestAlert" name="test_alert_to_dict" time="0.001" /><testcase classname="tests.audit.test_alerting_system.TestAlert" name="test_alert_from_dict" time="0.001" /><testcase classname="tests.audit.test_alerting_system.TestAlertingSystem" name="test_initialization" time="0.005" /><testcase classname="tests.audit.test_alerting_system.TestAlertingSystem" name="test_create_alert_basic" time="0.003" /><testcase classname="tests.audit.test_alerting_system.TestAlertingSystem" name="test_create_alert_with_details" time="0.003" /><testcase classname="tests.audit.test_alerting_system.TestAlertingSystem" name="test_create_alert_with_custom_source" time="0.005" /><testcase classname="tests.audit.test_alerting_system.TestAlertingSystem" name="test_create_alert_updates_stats" time="0.003" /><testcase classname="tests.audit.test_alerting_system.TestAlertingSystem" name="test_create_alert_saves_to_file" time="0.003" /><testcase classname="tests.audit.test_alerting_system.TestAlertingSystem" name="test_acknowledge_alert" time="0.005" /><testcase classname="tests.audit.test_alerting_system.TestAlertingSystem" name="test_acknowledge_nonexistent_alert" time="0.002" /><testcase classname="tests.audit.test_alerting_system.TestAlertingSystem" name="test_resolve_alert" time="0.003" /><testcase classname="tests.audit.test_alerting_system.TestAlertingSystem" name="test_resolve_alert_with_notes" time="0.003" /><testcase classname="tests.audit.test_alerting_system.TestAlertingSystem" name="test_resolve_nonexistent_alert" time="0.004" /><testcase classname="tests.audit.test_alerting_system.TestAlertingSystem" name="test_get_active_alerts_all" time="0.003" /><testcase classname="tests.audit.test_alerting_system.TestAlertingSystem" name="test_get_active_alerts_by_severity" time="0.003" /><testcase classname="tests.audit.test_alerting_system.TestAlertingSystem" name="test_get_active_alerts_by_category" time="0.005" /><testcase classname="tests.audit.test_alerting_system.TestAlertingSystem" name="test_get_active_alerts_sorted" time="0.014" /><testcase classname="tests.audit.test_alerting_system.TestAlertingSystem" name="test_get_alert_history" time="0.004" /><testcase classname="tests.audit.test_alerting_system.TestAlertingSystem" name="test_get_alert_history_with_limit" time="0.004" /><testcase classname="tests.audit.test_alerting_system.TestAlertingSystem" name="test_get_statistics" time="0.005" /><testcase classname="tests.audit.test_alerting_system.TestAlertingSystem" name="test_subscribe_and_broadcast" time="0.003" /><testcase classname="tests.audit.test_alerting_system.TestAlertingSystem" name="test_unsubscribe" time="0.003" /><testcase classname="tests.audit.test_alerting_system.TestAlertingSystem" name="test_broadcast_with_failing_callback" time="0.004" /><testcase classname="tests.audit.test_alerting_system.TestAlertingSystem" name="test_monitor_audit_chain_healthy" time="0.221" /><testcase classname="tests.audit.test_alerting_system.TestAlertingSystem" name="test_monitor_audit_chain_invalid" time="0.215" /><testcase classname="tests.audit.test_alerting_system.TestAlertingSystem" name="test_load_existing_alerts" time="0.005" /><testcase classname="tests.audit.test_alerting_system.TestConvenienceFunctions" name="test_create_alert_function" time="0.005" /><testcase classname="tests.audit.test_alerting_system.TestConvenienceFunctions" name="test_get_active_alerts_function" time="0.003" /><testcase classname="tests.audit.test_alerting_system.TestConvenienceFunctions" name="test_get_alerting_system_singleton" time="0.005" /><testcase classname="tests.audit.test_compliance_reporter.TestComplianceStandard" name="test_compliance_standard_values" time="0.002" /><testcase classname="tests.audit.test_compliance_reporter.TestComplianceReporter" name="test_initialization" time="0.006" /><testcase classname="tests.audit.test_compliance_reporter.TestComplianceReporter" name="test_generate_lgpd_report_basic" time="0.007" /><testcase classname="tests.audit.test_compliance_reporter.TestComplianceReporter" name="test_generate_lgpd_report_compliance_checks" time="0.005" /><testcase classname="tests.audit.test_compliance_reporter.TestComplianceReporter" name="test_generate_lgpd_report_summary" time="0.004" /><testcase classname="tests.audit.test_compliance_reporter.TestComplianceReporter" name="test_generate_lgpd_report_with_date_range" time="0.004" /><testcase classname="tests.audit.test_compliance_reporter.TestComplianceReporter" name="test_generate_lgpd_report_saves_file" time="0.008" /><testcase classname="tests.audit.test_compliance_reporter.TestComplianceReporter" name="test_generate_gdpr_report_basic" time="0.004" /><testcase classname="tests.audit.test_compliance_reporter.TestComplianceReporter" name="test_generate_gdpr_report_compliance_checks" time="0.004" /><testcase classname="tests.audit.test_compliance_reporter.TestComplianceReporter" name="test_generate_gdpr_report_summary" time="0.005" /><testcase classname="tests.audit.test_compliance_reporter.TestComplianceReporter" name="test_check_data_minimization" time="0.003" /><testcase classname="tests.audit.test_compliance_reporter.TestComplianceReporter" name="test_check_transparency" time="0.003" /><testcase classname="tests.audit.test_compliance_reporter.TestComplianceReporter" name="test_check_security_measures" time="0.004" /><testcase classname="tests.audit.test_compliance_reporter.TestComplianceReporter" name="test_check_user_rights" time="0.002" /><testcase classname="tests.audit.test_compliance_reporter.TestComplianceReporter" name="test_check_consent_management" time="0.002" /><testcase classname="tests.audit.test_compliance_reporter.TestComplianceReporter" name="test_check_retention_policy" time="0.003" /><testcase classname="tests.audit.test_compliance_reporter.TestComplianceReporter" name="test_export_audit_trail_json" time="0.004" /><testcase classname="tests.audit.test_compliance_reporter.TestComplianceReporter" name="test_export_audit_trail_csv" time="0.003" /><testcase classname="tests.audit.test_compliance_reporter.TestComplianceReporter" name="test_export_audit_trail_xml" time="0.003" /><testcase classname="tests.audit.test_compliance_reporter.TestComplianceReporter" name="test_export_audit_trail_invalid_format" time="0.005" /><testcase classname="tests.audit.test_compliance_reporter.TestComplianceReporter" name="test_export_audit_trail_with_date_range" time="0.004" /><testcase classname="tests.audit.test_compliance_reporter.TestComplianceReporter" name="test_get_events_in_range" time="0.003" /><testcase classname="tests.audit.test_compliance_reporter.TestComplianceReporter" name="test_get_events_in_range_no_file" time="0.004" /><testcase classname="tests.audit.test_compliance_reporter.TestComplianceReporter" name="test_save_report" time="0.004" /><testcase classname="tests.audit.test_compliance_reporter.TestComplianceReporter" name="test_export_csv_empty_events" time="0.005" /><testcase classname="tests.audit.test_compliance_reporter.TestComplianceReporter" name="test_export_xml_events" time="0.005" /><testcase classname="tests.audit.test_compliance_reporter.TestConvenienceFunctions" name="test_generate_lgpd_report_function" time="0.003" /><testcase classname="tests.audit.test_compliance_reporter.TestConvenienceFunctions" name="test_generate_gdpr_report_function" time="0.004" /><testcase classname="tests.audit.test_compliance_reporter.TestConvenienceFunctions" name="test_export_audit_trail_function" time="0.003" /><testcase classname="tests.audit.test_immutable_audit.TestImmutableAuditSystem" name="test_system_initialization" time="0.004" /><testcase classname="tests.audit.test_immutable_audit.TestImmutableAuditSystem" name="test_log_action_basic" time="0.004" /><testcase classname="tests.audit.test_immutable_audit.TestImmutableAuditSystem" name="test_log_action_with_different_categories" time="0.003" /><testcase classname="tests.audit.test_immutable_audit.TestImmutableAuditSystem" name="test_verify_chain_integrity_empty_log" time="0.002" /><testcase classname="tests.audit.test_immutable_audit.TestImmutableAuditSystem" name="test_verify_chain_integrity_with_events" time="0.003" /><testcase classname="tests.audit.test_immutable_audit.TestImmutableAuditSystem" name="test_hash_content_consistency" time="0.003" /><testcase classname="tests.audit.test_immutable_audit.TestImmutableAuditSystem" name="test_get_audit_summary" time="0.003" /><testcase classname="tests.audit.test_immutable_audit.TestImmutableAuditSystem" name="test_singleton_pattern" time="0.001" /><testcase classname="tests.audit.test_immutable_audit.TestImmutableAuditSystem" name="test_log_action_global_function" time="0.002" /><testcase classname="tests.audit.test_immutable_audit.TestImmutableAuditSystem" name="test_file_integrity_verification" time="0.007" /><testcase classname="tests.audit.test_immutable_audit.TestImmutableAuditSystem" name="test_system_event_logging" time="0.002" /><testcase classname="tests.audit.test_immutable_audit.TestImmutableAuditSystem" name="test_concurrent_access_simulation" time="0.007" /><testcase classname="tests.autopoietic.test_absurdity_handler.TestAbsurdSituation" name="test_situation_creation" time="0.003" /><testcase classname="tests.autopoietic.test_absurdity_handler.TestAbsurdSituation" name="test_situation_default_values" time="0.001" /><testcase classname="tests.autopoietic.test_absurdity_handler.TestCopingResponse" name="test_response_creation" time="0.001" /><testcase classname="tests.autopoietic.test_absurdity_handler.TestCopingResponse" name="test_response_default_values" time="0.001" /><testcase classname="tests.autopoietic.test_absurdity_handler.TestParadoxResolver" name="test_resolver_initialization" time="0.002" /><testcase classname="tests.autopoietic.test_absurdity_handler.TestParadoxResolver" name="test_detect_contradiction_with_negation" time="0.001" /><testcase classname="tests.autopoietic.test_absurdity_handler.TestParadoxResolver" name="test_detect_contradiction_no_contradiction" time="0.001" /><testcase classname="tests.autopoietic.test_absurdity_handler.TestParadoxResolver" name="test_register_paradox" time="0.001" /><testcase classname="tests.autopoietic.test_absurdity_handler.TestParadoxResolver" name="test_attempt_resolution_logical" time="0.001" /><testcase classname="tests.autopoietic.test_absurdity_handler.TestParadoxResolver" name="test_attempt_resolution_existential" time="0.001" /><testcase classname="tests.autopoietic.test_absurdity_handler.TestParadoxResolver" name="test_attempt_resolution_nonexistent" time="0.001" /><testcase classname="tests.autopoietic.test_absurdity_handler.TestAbsurdityAcceptor" name="test_acceptor_initialization" time="0.001" /><testcase classname="tests.autopoietic.test_absurdity_handler.TestAbsurdityAcceptor" name="test_apply_revolt" time="0.001" /><testcase classname="tests.autopoietic.test_absurdity_handler.TestAbsurdityAcceptor" name="test_apply_freedom" time="0.001" /><testcase classname="tests.autopoietic.test_absurdity_handler.TestAbsurdityAcceptor" name="test_apply_passion" time="0.001" /><testcase classname="tests.autopoietic.test_absurdity_handler.TestAbsurdityAcceptor" name="test_apply_humor" time="0.002" /><testcase classname="tests.autopoietic.test_absurdity_handler.TestAbsurdityAcceptor" name="test_choose_strategy_high_severity" time="0.002" /><testcase classname="tests.autopoietic.test_absurdity_handler.TestAbsurdityAcceptor" name="test_choose_strategy_medium_severity" time="0.001" /><testcase classname="tests.autopoietic.test_absurdity_handler.TestAbsurdityAcceptor" name="test_choose_strategy_low_severity" time="0.002" /><testcase classname="tests.autopoietic.test_absurdity_handler.TestAbsurdityHandler" name="test_handler_initialization" time="0.001" /><testcase classname="tests.autopoietic.test_absurdity_handler.TestAbsurdityHandler" name="test_confront_absurdity_with_resolution" time="0.001" /><testcase classname="tests.autopoietic.test_absurdity_handler.TestAbsurdityHandler" name="test_confront_absurdity_without_resolution" time="0.003" /><testcase classname="tests.autopoietic.test_absurdity_handler.TestAbsurdityHandler" name="test_confront_absurdity_skip_resolution" time="0.002" /><testcase classname="tests.autopoietic.test_absurdity_handler.TestAbsurdityHandler" name="test_detect_and_confront_contradiction" time="0.002" /><testcase classname="tests.autopoietic.test_absurdity_handler.TestAbsurdityHandler" name="test_detect_and_confront_no_contradiction" time="0.001" /><testcase classname="tests.autopoietic.test_absurdity_handler.TestAbsurdityHandler" name="test_embrace_sisyphean_task_futile" time="0.002" /><testcase classname="tests.autopoietic.test_absurdity_handler.TestAbsurdityHandler" name="test_embrace_sisyphean_task_purposeful" time="0.002" /><testcase classname="tests.autopoietic.test_absurdity_handler.TestAbsurdityHandler" name="test_get_absurdity_statistics" time="0.002" /><testcase classname="tests.autopoietic.test_absurdity_handler.TestIntegration" name="test_complete_absurdity_confrontation_cycle" time="0.002" /><testcase classname="tests.autopoietic.test_absurdity_handler.TestIntegration" name="test_different_coping_strategies_applied" time="0.002" /><testcase classname="tests.autopoietic.test_absurdity_handler.TestIntegration" name="test_resolution_vs_acceptance" time="0.002" /><testcase classname="tests.autopoietic.test_absurdity_handler.TestIntegration" name="test_accumulation_of_coping_wisdom" time="0.005" /><testcase classname="tests.autopoietic.test_advanced_repair.TestAdvancedRepair" name="test_initialization" time="0.001" /><testcase classname="tests.autopoietic.test_advanced_repair.TestAdvancedRepair" name="test_detect_failures_empty" time="0.001" /><testcase classname="tests.autopoietic.test_advanced_repair.TestAdvancedRepair" name="test_detect_failures_single" time="0.001" /><testcase classname="tests.autopoietic.test_advanced_repair.TestAdvancedRepair" name="test_detect_failures_multiple" time="0.002" /><testcase classname="tests.autopoietic.test_advanced_repair.TestAdvancedRepair" name="test_detect_failures_preserves_error_info" time="0.001" /><testcase classname="tests.autopoietic.test_advanced_repair.TestAdvancedRepair" name="test_synthesize_patches_empty" time="0.001" /><testcase classname="tests.autopoietic.test_advanced_repair.TestAdvancedRepair" name="test_synthesize_patches_single" time="0.002" /><testcase classname="tests.autopoietic.test_advanced_repair.TestAdvancedRepair" name="test_synthesize_patches_multiple" time="0.001" /><testcase classname="tests.autopoietic.test_advanced_repair.TestAdvancedRepair" name="test_apply_patches_empty" time="0.002" /><testcase classname="tests.autopoietic.test_advanced_repair.TestAdvancedRepair" name="test_apply_patches_single" time="0.001" /><testcase classname="tests.autopoietic.test_advanced_repair.TestAdvancedRepair" name="test_apply_patches_multiple" time="0.001" /><testcase classname="tests.autopoietic.test_advanced_repair.TestAdvancedRepair" name="test_apply_patches_preserves_source_code" time="0.001" /><testcase classname="tests.autopoietic.test_advanced_repair.TestAdvancedRepair" name="test_full_repair_workflow" time="0.001" /><testcase classname="tests.autopoietic.test_advanced_repair.TestAdvancedRepair" name="test_detect_failures_with_special_characters" time="0.002" /><testcase classname="tests.autopoietic.test_advanced_repair.TestAdvancedRepair" name="test_synthesize_and_apply_integration" time="0.001" /><testcase classname="tests.autopoietic.test_architecture_evolution.TestArchitectureEvolution" name="test_initialization" time="0.002" /><testcase classname="tests.autopoietic.test_architecture_evolution.TestArchitectureEvolution" name="test_propose_evolution_empty" time="0.002" /><testcase classname="tests.autopoietic.test_architecture_evolution.TestArchitectureEvolution" name="test_propose_evolution_single" time="0.002" /><testcase classname="tests.autopoietic.test_architecture_evolution.TestArchitectureEvolution" name="test_propose_evolution_multiple" time="0.003" /><testcase classname="tests.autopoietic.test_architecture_evolution.TestArchitectureEvolution" name="test_propose_evolution_preserves_config" time="0.002" /><testcase classname="tests.autopoietic.test_architecture_evolution.TestArchitectureEvolution" name="test_propose_evolution_adds_evolved_flag" time="0.002" /><testcase classname="tests.autopoietic.test_architecture_evolution.TestArchitectureEvolution" name="test_propose_evolution_preserves_type" time="0.002" /><testcase classname="tests.autopoietic.test_architecture_evolution.TestArchitectureEvolution" name="test_propose_evolution_validation_success" time="0.003" /><testcase classname="tests.autopoietic.test_architecture_evolution.TestArchitectureEvolution" name="test_propose_evolution_creates_correct_names" time="0.002" /><testcase classname="tests.autopoietic.test_architecture_evolution.TestArchitectureEvolution" name="test_propose_evolution_with_empty_config" time="0.002" /><testcase classname="tests.autopoietic.test_architecture_evolution.TestArchitectureEvolution" name="test_propose_evolution_with_complex_config" time="0.002" /><testcase classname="tests.autopoietic.test_architecture_evolution.TestArchitectureEvolution" name="test_propose_evolution_multiple_iterations" time="0.002" /><testcase classname="tests.autopoietic.test_architecture_evolution.TestArchitectureEvolution" name="test_integration_with_meta_architect" time="0.001" /><testcase classname="tests.autopoietic.test_architecture_evolution.TestArchitectureEvolution" name="test_propose_evolution_maintains_immutability" time="0.001" /><testcase classname="tests.autopoietic.test_art_generator.TestArtElement" name="test_element_creation" time="0.001" /><testcase classname="tests.autopoietic.test_art_generator.TestArtElement" name="test_element_default_values" time="0.001" /><testcase classname="tests.autopoietic.test_art_generator.TestArtPiece" name="test_piece_creation" time="0.002" /><testcase classname="tests.autopoietic.test_art_generator.TestArtPiece" name="test_piece_default_values" time="0.002" /><testcase classname="tests.autopoietic.test_art_generator.TestAestheticEvaluator" name="test_evaluator_initialization" time="0.001" /><testcase classname="tests.autopoietic.test_art_generator.TestAestheticEvaluator" name="test_evaluate_complexity_simple" time="0.001" /><testcase classname="tests.autopoietic.test_art_generator.TestAestheticEvaluator" name="test_evaluate_complexity_complex" time="0.001" /><testcase classname="tests.autopoietic.test_art_generator.TestAestheticEvaluator" name="test_evaluate_symmetry_symmetric" time="0.001" /><testcase classname="tests.autopoietic.test_art_generator.TestAestheticEvaluator" name="test_evaluate_harmony_balanced" time="0.001" /><testcase classname="tests.autopoietic.test_art_generator.TestAestheticEvaluator" name="test_evaluate_contrast_high" time="0.002" /><testcase classname="tests.autopoietic.test_art_generator.TestAestheticEvaluator" name="test_evaluate_novelty_first_piece" time="0.001" /><testcase classname="tests.autopoietic.test_art_generator.TestAestheticEvaluator" name="test_evaluate_coherence_coherent" time="0.001" /><testcase classname="tests.autopoietic.test_art_generator.TestAestheticEvaluator" name="test_evaluate_comprehensive" time="0.001" /><testcase classname="tests.autopoietic.test_art_generator.TestProceduralGenerator" name="test_generator_initialization" time="0.001" /><testcase classname="tests.autopoietic.test_art_generator.TestProceduralGenerator" name="test_generator_with_seed" time="0.001" /><testcase classname="tests.autopoietic.test_art_generator.TestProceduralGenerator" name="test_generate_abstract" time="0.002" /><testcase classname="tests.autopoietic.test_art_generator.TestProceduralGenerator" name="test_generate_abstract_custom_palette" time="0.001" /><testcase classname="tests.autopoietic.test_art_generator.TestProceduralGenerator" name="test_generate_geometric" time="0.001" /><testcase classname="tests.autopoietic.test_art_generator.TestProceduralGenerator" name="test_generate_geometric_symmetric" time="0.001" /><testcase classname="tests.autopoietic.test_art_generator.TestProceduralGenerator" name="test_generate_organic" time="0.001" /><testcase classname="tests.autopoietic.test_art_generator.TestArtGenerator" name="test_generator_initialization" time="0.002" /><testcase classname="tests.autopoietic.test_art_generator.TestArtGenerator" name="test_generate_art_abstract" time="0.002" /><testcase classname="tests.autopoietic.test_art_generator.TestArtGenerator" name="test_generate_art_geometric" time="0.002" /><testcase classname="tests.autopoietic.test_art_generator.TestArtGenerator" name="test_generate_art_organic" time="0.003" /><testcase classname="tests.autopoietic.test_art_generator.TestArtGenerator" name="test_generate_batch" time="0.008" /><testcase classname="tests.autopoietic.test_art_generator.TestArtGenerator" name="test_get_best_pieces" time="0.012" /><testcase classname="tests.autopoietic.test_art_generator.TestArtGenerator" name="test_get_gallery_statistics_empty" time="0.001" /><testcase classname="tests.autopoietic.test_art_generator.TestArtGenerator" name="test_get_gallery_statistics_with_data" time="0.005" /><testcase classname="tests.autopoietic.test_art_generator.TestIntegration" name="test_end_to_end_art_creation" time="0.008" /><testcase classname="tests.autopoietic.test_art_generator.TestIntegration" name="test_aesthetic_evaluation_affects_ranking" time="0.026" /><testcase classname="tests.autopoietic.test_art_generator.TestIntegration" name="test_novelty_decreases_over_time" time="0.007" /><testcase classname="tests.autopoietic.test_art_generator.TestIntegration" name="test_different_styles_produce_different_scores" time="0.003" /><testcase classname="tests.autopoietic.test_art_generator.TestIntegration" name="test_reproducibility_with_seed" time="0.004" /><testcase classname="tests.autopoietic.test_code_synthesizer" name="test_synthesize_single_spec" time="0.001" /><testcase classname="tests.autopoietic.test_code_synthesizer" name="test_generate_multiple_specs" time="0.001" /><testcase classname="tests.autopoietic.test_meaning_maker.TestValue" name="test_value_creation" time="0.001" /><testcase classname="tests.autopoietic.test_meaning_maker.TestValue" name="test_value_default_values" time="0.001" /><testcase classname="tests.autopoietic.test_meaning_maker.TestGoal" name="test_goal_creation" time="0.001" /><testcase classname="tests.autopoietic.test_meaning_maker.TestGoal" name="test_goal_hierarchy" time="0.002" /><testcase classname="tests.autopoietic.test_meaning_maker.TestValueSystem" name="test_value_system_initialization" time="0.001" /><testcase classname="tests.autopoietic.test_meaning_maker.TestValueSystem" name="test_add_value" time="0.001" /><testcase classname="tests.autopoietic.test_meaning_maker.TestValueSystem" name="test_get_core_values" time="0.001" /><testcase classname="tests.autopoietic.test_meaning_maker.TestValueSystem" name="test_get_values_by_category" time="0.001" /><testcase classname="tests.autopoietic.test_meaning_maker.TestValueSystem" name="test_assess_value_alignment" time="0.001" /><testcase classname="tests.autopoietic.test_meaning_maker.TestValueSystem" name="test_assess_value_alignment_empty" time="0.002" /><testcase classname="tests.autopoietic.test_meaning_maker.TestGoalHierarchy" name="test_goal_hierarchy_initialization" time="0.001" /><testcase classname="tests.autopoietic.test_meaning_maker.TestGoalHierarchy" name="test_add_goal" time="0.001" /><testcase classname="tests.autopoietic.test_meaning_maker.TestGoalHierarchy" name="test_add_sub_goal" time="0.001" /><testcase classname="tests.autopoietic.test_meaning_maker.TestGoalHierarchy" name="test_get_top_level_goals" time="0.001" /><testcase classname="tests.autopoietic.test_meaning_maker.TestGoalHierarchy" name="test_get_sub_goals" time="0.001" /><testcase classname="tests.autopoietic.test_meaning_maker.TestGoalHierarchy" name="test_update_goal_progress" time="0.003" /><testcase classname="tests.autopoietic.test_meaning_maker.TestGoalHierarchy" name="test_progress_propagation" time="0.002" /><testcase classname="tests.autopoietic.test_meaning_maker.TestGoalHierarchy" name="test_assess_goal_coherence" time="0.001" /><testcase classname="tests.autopoietic.test_meaning_maker.TestNarrativeConstructor" name="test_narrative_constructor_initialization" time="0.001" /><testcase classname="tests.autopoietic.test_meaning_maker.TestNarrativeConstructor" name="test_add_event" time="0.001" /><testcase classname="tests.autopoietic.test_meaning_maker.TestNarrativeConstructor" name="test_generate_narrative_summary" time="0.001" /><testcase classname="tests.autopoietic.test_meaning_maker.TestNarrativeConstructor" name="test_assess_narrative_coherence" time="0.002" /><testcase classname="tests.autopoietic.test_meaning_maker.TestNarrativeConstructor" name="test_assess_narrative_coherence_empty" time="0.001" /><testcase classname="tests.autopoietic.test_meaning_maker.TestMeaningMaker" name="test_meaning_maker_initialization" time="0.001" /><testcase classname="tests.autopoietic.test_meaning_maker.TestMeaningMaker" name="test_create_meaning_from_experience_high_alignment" time="0.002" /><testcase classname="tests.autopoietic.test_meaning_maker.TestMeaningMaker" name="test_create_meaning_from_experience_medium_alignment" time="0.001" /><testcase classname="tests.autopoietic.test_meaning_maker.TestMeaningMaker" name="test_assess_life_meaning" time="0.004" /><testcase classname="tests.autopoietic.test_meaning_maker.TestMeaningMaker" name="test_assess_life_meaning_empty" time="0.001" /><testcase classname="tests.autopoietic.test_meaning_maker.TestMeaningMaker" name="test_get_meaning_summary" time="0.002" /><testcase classname="tests.autopoietic.test_meaning_maker.TestIntegration" name="test_complete_meaning_making_journey" time="0.002" /><testcase classname="tests.autopoietic.test_meaning_maker.TestIntegration" name="test_meaning_increases_with_content" time="0.002" /><testcase classname="tests.autopoietic.test_meaning_maker.TestIntegration" name="test_narrative_provides_coherence" time="0.003" /><testcase classname="tests.autopoietic.test_meta_architect" name="test_generate_specifications" time="0.001" /><testcase classname="tests.autopoietic.test_meta_architect" name="test_validate_specifications_success" time="0.001" /><testcase classname="tests.autopoietic.test_meta_architect" name="test_validate_specifications_failure" time="0.002" /><testcase classname="tests.autopoietic.test_mortality_simulator.TestLifeEvent" name="test_event_creation" time="0.001" /><testcase classname="tests.autopoietic.test_mortality_simulator.TestLifeEvent" name="test_event_default_values" time="0.002" /><testcase classname="tests.autopoietic.test_mortality_simulator.TestLegacyItem" name="test_legacy_item_creation" time="0.001" /><testcase classname="tests.autopoietic.test_mortality_simulator.TestLegacyItem" name="test_legacy_item_default_values" time="0.001" /><testcase classname="tests.autopoietic.test_mortality_simulator.TestTemporalAwareness" name="test_temporal_awareness_initialization" time="0.001" /><testcase classname="tests.autopoietic.test_mortality_simulator.TestTemporalAwareness" name="test_temporal_awareness_with_lifetime" time="0.001" /><testcase classname="tests.autopoietic.test_mortality_simulator.TestTemporalAwareness" name="test_get_age" time="0.001" /><testcase classname="tests.autopoietic.test_mortality_simulator.TestTemporalAwareness" name="test_get_time_remaining_with_lifetime" time="0.002" /><testcase classname="tests.autopoietic.test_mortality_simulator.TestTemporalAwareness" name="test_get_time_remaining_no_lifetime" time="0.002" /><testcase classname="tests.autopoietic.test_mortality_simulator.TestTemporalAwareness" name="test_get_life_stage_nascent" time="0.001" /><testcase classname="tests.autopoietic.test_mortality_simulator.TestTemporalAwareness" name="test_get_life_stage_mature" time="0.001" /><testcase classname="tests.autopoietic.test_mortality_simulator.TestTemporalAwareness" name="test_get_life_stage_indefinite" time="0.001" /><testcase classname="tests.autopoietic.test_mortality_simulator.TestTemporalAwareness" name="test_record_event" time="0.001" /><testcase classname="tests.autopoietic.test_mortality_simulator.TestTemporalAwareness" name="test_get_significant_events" time="0.002" /><testcase classname="tests.autopoietic.test_mortality_simulator.TestTemporalAwareness" name="test_get_temporal_summary" time="0.002" /><testcase classname="tests.autopoietic.test_mortality_simulator.TestLegacyPlanner" name="test_legacy_planner_initialization" time="0.001" /><testcase classname="tests.autopoietic.test_mortality_simulator.TestLegacyPlanner" name="test_create_legacy_item" time="0.001" /><testcase classname="tests.autopoietic.test_mortality_simulator.TestLegacyPlanner" name="test_create_legacy_item_with_priority" time="0.002" /><testcase classname="tests.autopoietic.test_mortality_simulator.TestLegacyPlanner" name="test_get_critical_legacy" time="0.002" /><testcase classname="tests.autopoietic.test_mortality_simulator.TestLegacyPlanner" name="test_prioritize_for_preservation_no_time_limit" time="0.003" /><testcase classname="tests.autopoietic.test_mortality_simulator.TestLegacyPlanner" name="test_prioritize_for_preservation_with_time_limit" time="0.002" /><testcase classname="tests.autopoietic.test_mortality_simulator.TestLegacyPlanner" name="test_get_legacy_summary" time="0.001" /><testcase classname="tests.autopoietic.test_mortality_simulator.TestMortalitySimulator" name="test_simulator_initialization" time="0.001" /><testcase classname="tests.autopoietic.test_mortality_simulator.TestMortalitySimulator" name="test_simulator_with_lifetime" time="0.002" /><testcase classname="tests.autopoietic.test_mortality_simulator.TestMortalitySimulator" name="test_assess_mortality_salience_denial" time="0.001" /><testcase classname="tests.autopoietic.test_mortality_simulator.TestMortalitySimulator" name="test_assess_mortality_salience_indefinite" time="0.001" /><testcase classname="tests.autopoietic.test_mortality_simulator.TestMortalitySimulator" name="test_assess_mortality_salience_near_end" time="0.001" /><testcase classname="tests.autopoietic.test_mortality_simulator.TestMortalitySimulator" name="test_calculate_urgency_high_importance" time="0.001" /><testcase classname="tests.autopoietic.test_mortality_simulator.TestMortalitySimulator" name="test_calculate_urgency_time_pressure" time="0.001" /><testcase classname="tests.autopoietic.test_mortality_simulator.TestMortalitySimulator" name="test_should_prioritize_legacy_high_salience" time="0.003" /><testcase classname="tests.autopoietic.test_mortality_simulator.TestMortalitySimulator" name="test_should_prioritize_legacy_acceptance" time="0.001" /><testcase classname="tests.autopoietic.test_mortality_simulator.TestMortalitySimulator" name="test_should_prioritize_legacy_low_awareness" time="0.001" /><testcase classname="tests.autopoietic.test_mortality_simulator.TestMortalitySimulator" name="test_generate_reflection" time="0.001" /><testcase classname="tests.autopoietic.test_mortality_simulator.TestMortalitySimulator" name="test_get_existential_state" time="0.001" /><testcase classname="tests.autopoietic.test_mortality_simulator.TestIntegration" name="test_complete_lifecycle_simulation" time="0.002" /><testcase classname="tests.autopoietic.test_mortality_simulator.TestIntegration" name="test_awareness_level_affects_behavior" time="0.002" /><testcase classname="tests.autopoietic.test_mortality_simulator.TestIntegration" name="test_legacy_preservation_under_time_pressure" time="0.014" /><testcase classname="tests.autopoietic.test_system_boundary" name="test_register_and_is_internal" time="0.001" /><testcase classname="tests.autopoietic.test_system_boundary" name="test_list_internal" time="0.001" /><testcase classname="tests.autopoietic.test_system_boundary" name="test_enforce_policy_allows_internal" time="0.001" /><testcase classname="tests.autopoietic.test_system_boundary" name="test_enforce_policy_blocks_external" time="0.001" /><testcase classname="tests.coevolution.test_bias_detector.TestBiasDetector" name="test_initialization" time="0.002" /><testcase classname="tests.coevolution.test_bias_detector.TestBiasDetector" name="test_detect_bias_empty_result" time="0.001" /><testcase classname="tests.coevolution.test_bias_detector.TestBiasDetector" name="test_detect_confirmation_bias" time="0.001" /><testcase classname="tests.coevolution.test_bias_detector.TestBiasDetector" name="test_detect_selection_bias" time="0.001" /><testcase classname="tests.coevolution.test_bias_detector.TestBiasDetector" name="test_detect_automation_bias" time="0.001" /><testcase classname="tests.coevolution.test_bias_detector.TestBiasDetector" name="test_detect_recency_bias" time="0.001" /><testcase classname="tests.coevolution.test_bias_detector.TestBiasDetector" name="test_correct_bias_no_detections" time="0.001" /><testcase classname="tests.coevolution.test_bias_detector.TestBiasDetector" name="test_correct_bias_with_detections" time="0.002" /><testcase classname="tests.coevolution.test_bias_detector.TestBiasDetector" name="test_get_bias_statistics_empty" time="0.001" /><testcase classname="tests.coevolution.test_bias_detector.TestBiasDetector" name="test_get_bias_statistics_with_history" time="0.001" /><testcase classname="tests.coevolution.test_bias_detector.TestBiasDetector" name="test_bias_types_enum" time="0.001" /><testcase classname="tests.coevolution.test_bias_detector.TestBiasDetector" name="test_bias_detection_dataclass" time="0.001" /><testcase classname="tests.coevolution.test_bias_detector.TestBiasDetector" name="test_bias_thresholds" time="0.001" /><testcase classname="tests.coevolution.test_bias_detector.TestBiasDetector" name="test_multiple_bias_detection" time="0.002" /><testcase classname="tests.coevolution.test_bidirectional_feedback.TestBidirectionalFeedback" name="test_initialization" time="0.001" /><testcase classname="tests.coevolution.test_bidirectional_feedback.TestBidirectionalFeedback" name="test_submit_human_feedback" time="0.001" /><testcase classname="tests.coevolution.test_bidirectional_feedback.TestBidirectionalFeedback" name="test_submit_ai_feedback" time="0.001" /><testcase classname="tests.coevolution.test_bidirectional_feedback.TestBidirectionalFeedback" name="test_get_feedback_summary_all" time="0.001" /><testcase classname="tests.coevolution.test_bidirectional_feedback.TestBidirectionalFeedback" name="test_get_feedback_summary_filtered_direction" time="0.001" /><testcase classname="tests.coevolution.test_bidirectional_feedback.TestBidirectionalFeedback" name="test_get_feedback_summary_filtered_type" time="0.002" /><testcase classname="tests.coevolution.test_bidirectional_feedback.TestBidirectionalFeedback" name="test_get_feedback_summary_limit" time="0.001" /><testcase classname="tests.coevolution.test_bidirectional_feedback.TestBidirectionalFeedback" name="test_acknowledge_feedback" time="0.001" /><testcase classname="tests.coevolution.test_bidirectional_feedback.TestBidirectionalFeedback" name="test_get_unacknowledged_feedback" time="0.001" /><testcase classname="tests.coevolution.test_bidirectional_feedback.TestBidirectionalFeedback" name="test_detect_circular_pattern" time="0.001" /><testcase classname="tests.coevolution.test_bidirectional_feedback.TestBidirectionalFeedback" name="test_detect_escalating_conflict" time="0.003" /><testcase classname="tests.coevolution.test_bidirectional_feedback.TestBidirectionalFeedback" name="test_detect_stagnation" time="0.002" /><testcase classname="tests.coevolution.test_bidirectional_feedback.TestBidirectionalFeedback" name="test_clear_harmful_loops" time="0.001" /><testcase classname="tests.coevolution.test_bidirectional_feedback.TestBidirectionalFeedback" name="test_feedback_types_enum" time="0.001" /><testcase classname="tests.coevolution.test_bidirectional_feedback.TestBidirectionalFeedback" name="test_feedback_directions_enum" time="0.001" /><testcase classname="tests.coevolution.test_coevolution_memory.TestCoevolutionMemory" name="test_initialization" time="0.001" /><testcase classname="tests.coevolution.test_coevolution_memory.TestCoevolutionMemory" name="test_store_collaboration" time="0.002" /><testcase classname="tests.coevolution.test_coevolution_memory.TestCoevolutionMemory" name="test_get_session" time="0.001" /><testcase classname="tests.coevolution.test_coevolution_memory.TestCoevolutionMemory" name="test_get_session_not_found" time="0.001" /><testcase classname="tests.coevolution.test_coevolution_memory.TestCoevolutionMemory" name="test_complete_session" time="0.001" /><testcase classname="tests.coevolution.test_coevolution_memory.TestCoevolutionMemory" name="test_get_human_sessions" time="0.001" /><testcase classname="tests.coevolution.test_coevolution_memory.TestCoevolutionMemory" name="test_get_human_sessions_with_limit" time="0.001" /><testcase classname="tests.coevolution.test_coevolution_memory.TestCoevolutionMemory" name="test_get_human_sessions_ordered" time="0.002" /><testcase classname="tests.coevolution.test_coevolution_memory.TestCoevolutionMemory" name="test_extract_insights_success" time="0.001" /><testcase classname="tests.coevolution.test_coevolution_memory.TestCoevolutionMemory" name="test_extract_insights_trust_increase" time="0.001" /><testcase classname="tests.coevolution.test_coevolution_memory.TestCoevolutionMemory" name="test_identify_learning_patterns" time="0.001" /><testcase classname="tests.coevolution.test_coevolution_memory.TestCoevolutionMemory" name="test_learning_pattern_success_rate" time="0.001" /><testcase classname="tests.coevolution.test_coevolution_memory.TestCoevolutionMemory" name="test_get_collaboration_statistics" time="0.001" /><testcase classname="tests.coevolution.test_coevolution_memory.TestCoevolutionMemory" name="test_get_collaboration_statistics_filtered" time="0.002" /><testcase classname="tests.coevolution.test_coevolution_memory.TestCoevolutionMemory" name="test_get_collaboration_statistics_empty" time="0.001" /><testcase classname="tests.coevolution.test_coevolution_memory.TestCoevolutionMemory" name="test_get_insights_summary" time="0.001" /><testcase classname="tests.coevolution.test_coevolution_memory.TestCoevolutionMemory" name="test_get_insights_summary_with_limit" time="0.001" /><testcase classname="tests.coevolution.test_coevolution_memory.TestCoevolutionMemory" name="test_clear_old_sessions" time="0.001" /><testcase classname="tests.coevolution.test_coevolution_memory.TestCoevolutionMemory" name="test_categorize_task" time="0.001" /><testcase classname="tests.coevolution.test_coevolution_memory.TestCoevolutionMemory" name="test_trust_evolution_tracking" time="0.001" /><testcase classname="tests.coevolution.test_hchac_framework.TestHCHACFramework" name="test_initialization" time="0.002" /><testcase classname="tests.coevolution.test_hchac_framework.TestHCHACFramework" name="test_co_execute_task_basic" time="0.001" /><testcase classname="tests.coevolution.test_hchac_framework.TestHCHACFramework" name="test_co_execute_task_failed_negotiation" time="0.001" /><testcase classname="tests.coevolution.test_hchac_framework.TestHCHACFramework" name="test_allocate_roles_high_trust" time="0.001" /><testcase classname="tests.coevolution.test_hchac_framework.TestHCHACFramework" name="test_allocate_roles_medium_trust" time="0.001" /><testcase classname="tests.coevolution.test_hchac_framework.TestHCHACFramework" name="test_allocate_roles_low_trust" time="0.002" /><testcase classname="tests.coevolution.test_hchac_framework.TestHCHACFramework" name="test_generate_ai_perspective" time="0.001" /><testcase classname="tests.coevolution.test_hchac_framework.TestHCHACFramework" name="test_execute_with_roles" time="0.001" /><testcase classname="tests.coevolution.test_hchac_framework.TestHCHACFramework" name="test_calculate_learning_gain" time="0.001" /><testcase classname="tests.coevolution.test_hchac_framework.TestHCHACFramework" name="test_get_trust_dashboard" time="0.001" /><testcase classname="tests.coevolution.test_hchac_framework.TestHCHACFramework" name="test_submit_human_feedback" time="0.001" /><testcase classname="tests.coevolution.test_hchac_framework.TestHCHACFramework" name="test_submit_human_feedback_invalid_type" time="0.002" /><testcase classname="tests.coevolution.test_hchac_framework.TestHCHACFramework" name="test_get_ai_feedback" time="0.002" /><testcase classname="tests.coevolution.test_hchac_framework.TestHCHACFramework" name="test_role_enum" time="0.001" /><testcase classname="tests.coevolution.test_hchac_framework.TestHCHACFramework" name="test_collaboration_outcome_dataclass" time="0.001" /><testcase classname="tests.coevolution.test_hchac_framework.TestHCHACFramework" name="test_execution_result_dataclass" time="0.001" /><testcase classname="tests.coevolution.test_hchac_framework.TestHCHACFramework" name="test_bias_detection_integration" time="0.001" /><testcase classname="tests.coevolution.test_hchac_framework.TestHCHACFramework" name="test_memory_storage_integration" time="0.002" /><testcase classname="tests.coevolution.test_hchac_framework.TestHCHACFramework" name="test_trust_evolution_over_multiple_tasks" time="0.002" /><testcase classname="tests.coevolution.test_init_lazy_imports.TestCoevolutionInit" name="test_version_attribute" time="0.001" /><testcase classname="tests.coevolution.test_init_lazy_imports.TestCoevolutionInit" name="test_all_attribute" time="0.001" /><testcase classname="tests.coevolution.test_init_lazy_imports.TestCoevolutionInit" name="test_lazy_import_hchac_framework" time="0.001" /><testcase classname="tests.coevolution.test_init_lazy_imports.TestCoevolutionInit" name="test_lazy_import_trust_metrics" time="0.002" /><testcase classname="tests.coevolution.test_init_lazy_imports.TestCoevolutionInit" name="test_lazy_import_goal_negotiator" time="0.001" /><testcase classname="tests.coevolution.test_init_lazy_imports.TestCoevolutionInit" name="test_lazy_import_bidirectional_feedback" time="0.001" /><testcase classname="tests.coevolution.test_init_lazy_imports.TestCoevolutionInit" name="test_lazy_import_bias_detector" time="0.001" /><testcase classname="tests.coevolution.test_init_lazy_imports.TestCoevolutionInit" name="test_lazy_import_coevolution_memory" time="0.001" /><testcase classname="tests.coevolution.test_init_lazy_imports.TestCoevolutionInit" name="test_invalid_attribute_raises_error" time="0.001" /><testcase classname="tests.coevolution.test_init_lazy_imports.TestCoevolutionInit" name="test_all_exports_are_importable" time="0.002" /><testcase classname="tests.coevolution.test_init_lazy_imports.TestCoevolutionInit" name="test_multiple_lazy_imports" time="0.001" /><testcase classname="tests.coevolution.test_init_lazy_imports.TestCoevolutionInit" name="test_lazy_import_caching" time="0.001" /><testcase classname="tests.coevolution.test_init_lazy_imports.TestCoevolutionInit" name="test_instantiate_lazy_imported_class" time="0.001" /><testcase classname="tests.coevolution.test_init_lazy_imports.TestCoevolutionInit" name="test_lazy_import_preserves_module_structure" time="0.001" /><testcase classname="tests.coevolution.test_init_lazy_imports.TestCoevolutionInit" name="test_import_all_at_once" time="0.001" /><testcase classname="tests.coevolution.test_init_lazy_imports.TestCoevolutionInit" name="test_lazy_import_error_message_format" time="0.002" /><testcase classname="tests.coevolution.test_init_lazy_imports.TestCoevolutionInit" name="test_getattr_function_exists" time="0.001" /><testcase classname="tests.coevolution.test_negotiation.TestGoalNegotiator" name="test_initialization" time="0.001" /><testcase classname="tests.coevolution.test_negotiation.TestGoalNegotiator" name="test_initialization_custom_params" time="0.001" /><testcase classname="tests.coevolution.test_negotiation.TestGoalNegotiator" name="test_negotiate_basic" time="0.001" /><testcase classname="tests.coevolution.test_negotiation.TestGoalNegotiator" name="test_negotiate_high_trust" time="0.002" /><testcase classname="tests.coevolution.test_negotiation.TestGoalNegotiator" name="test_negotiate_convergence" time="0.001" /><testcase classname="tests.coevolution.test_negotiation.TestGoalNegotiator" name="test_negotiate_timeout" time="0.001" /><testcase classname="tests.coevolution.test_negotiation.TestGoalNegotiator" name="test_quick_accept_high_trust" time="0.001" /><testcase classname="tests.coevolution.test_negotiation.TestGoalNegotiator" name="test_quick_accept_low_trust" time="0.001" /><testcase classname="tests.coevolution.test_negotiation.TestGoalNegotiator" name="test_negotiation_rounds" time="0.002" /><testcase classname="tests.coevolution.test_negotiation.TestGoalNegotiator" name="test_calculate_convergence_identical" time="0.001" /><testcase classname="tests.coevolution.test_negotiation.TestGoalNegotiator" name="test_calculate_convergence_different" time="0.001" /><testcase classname="tests.coevolution.test_negotiation.TestGoalNegotiator" name="test_calculate_convergence_partial" time="0.001" /><testcase classname="tests.coevolution.test_negotiation.TestGoalNegotiator" name="test_synthesize_proposals" time="0.001" /><testcase classname="tests.coevolution.test_trust_metrics.TestTrustMetrics" name="test_initialization" time="0.001" /><testcase classname="tests.coevolution.test_trust_metrics.TestTrustMetrics" name="test_get_trust_level_new_user" time="0.001" /><testcase classname="tests.coevolution.test_trust_metrics.TestTrustMetrics" name="test_update_trust_success" time="0.001" /><testcase classname="tests.coevolution.test_trust_metrics.TestTrustMetrics" name="test_update_trust_failure" time="0.001" /><testcase classname="tests.coevolution.test_trust_metrics.TestTrustMetrics" name="test_trust_breakdown" time="0.001" /><testcase classname="tests.coevolution.test_trust_metrics.TestTrustMetrics" name="test_trust_history" time="0.001" /><testcase classname="tests.coevolution.test_trust_metrics.TestTrustMetrics" name="test_trust_history_limit" time="0.003" /><testcase classname="tests.coevolution.test_trust_metrics.TestTrustMetrics" name="test_reset_trust" time="0.001" /><testcase classname="tests.coevolution.test_trust_metrics.TestTrustMetrics" name="test_multiple_users" time="0.001" /><testcase classname="tests.coevolution.test_trust_metrics.TestTrustMetrics" name="test_trust_components_weights" time="0.001" /><testcase classname="tests.consciousness.test_creative_problem_solver.TestSolution" name="test_create_solution" time="0.002" /><testcase classname="tests.consciousness.test_creative_problem_solver.TestSolution" name="test_solution_overall_score" time="0.002" /><testcase classname="tests.consciousness.test_creative_problem_solver.TestSolution" name="test_solution_validation" time="0.003" /><testcase classname="tests.consciousness.test_creative_problem_solver.TestProblem" name="test_create_problem" time="0.001" /><testcase classname="tests.consciousness.test_creative_problem_solver.TestCreativeProblemSolver" name="test_initialization" time="0.001" /><testcase classname="tests.consciousness.test_creative_problem_solver.TestCreativeProblemSolver" name="test_generate_solutions_divergent" time="0.002" /><testcase classname="tests.consciousness.test_creative_problem_solver.TestCreativeProblemSolver" name="test_generate_solutions_lateral" time="0.002" /><testcase classname="tests.consciousness.test_creative_problem_solver.TestCreativeProblemSolver" name="test_generate_solutions_analogical" time="0.002" /><testcase classname="tests.consciousness.test_creative_problem_solver.TestCreativeProblemSolver" name="test_generate_solutions_convergent" time="0.002" /><testcase classname="tests.consciousness.test_creative_problem_solver.TestCreativeProblemSolver" name="test_evaluate_solution" time="0.002" /><testcase classname="tests.consciousness.test_creative_problem_solver.TestCreativeProblemSolver" name="test_evaluate_solution_custom_criteria" time="0.002" /><testcase classname="tests.consciousness.test_creative_problem_solver.TestCreativeProblemSolver" name="test_rank_solutions" time="0.002" /><testcase classname="tests.consciousness.test_creative_problem_solver.TestCreativeProblemSolver" name="test_solution_history" time="0.002" /><testcase classname="tests.consciousness.test_creative_problem_solver.TestCreativeProblemSolver" name="test_get_statistics" time="0.003" /><testcase classname="tests.consciousness.test_creative_problem_solver.TestCreativeProblemSolver" name="test_different_solution_categories" time="0.003" /><testcase classname="tests.consciousness.test_emotional_intelligence.TestEmotionalState" name="test_create_emotional_state" time="0.001" /><testcase classname="tests.consciousness.test_emotional_intelligence.TestEmotionalState" name="test_emotional_state_validation" time="0.006" /><testcase classname="tests.consciousness.test_emotional_intelligence.TestEmotionalResponse" name="test_create_response" time="0.001" /><testcase classname="tests.consciousness.test_emotional_intelligence.TestEmotionalIntelligence" name="test_initialization" time="0.002" /><testcase classname="tests.consciousness.test_emotional_intelligence.TestEmotionalIntelligence" name="test_analyze_sentiment_positive" time="0.003" /><testcase classname="tests.consciousness.test_emotional_intelligence.TestEmotionalIntelligence" name="test_analyze_sentiment_negative" time="0.003" /><testcase classname="tests.consciousness.test_emotional_intelligence.TestEmotionalIntelligence" name="test_analyze_sentiment_neutral" time="0.002" /><testcase classname="tests.consciousness.test_emotional_intelligence.TestEmotionalIntelligence" name="test_analyze_sentiment_mixed" time="0.002" /><testcase classname="tests.consciousness.test_emotional_intelligence.TestEmotionalIntelligence" name="test_detect_emotion_from_successful_action" time="0.002" /><testcase classname="tests.consciousness.test_emotional_intelligence.TestEmotionalIntelligence" name="test_detect_emotion_from_failed_action" time="0.003" /><testcase classname="tests.consciousness.test_emotional_intelligence.TestEmotionalIntelligence" name="test_emotion_history_limit" time="0.005" /><testcase classname="tests.consciousness.test_emotional_intelligence.TestEmotionalIntelligence" name="test_generate_empathetic_response_sadness" time="0.003" /><testcase classname="tests.consciousness.test_emotional_intelligence.TestEmotionalIntelligence" name="test_generate_empathetic_response_anger" time="0.002" /><testcase classname="tests.consciousness.test_emotional_intelligence.TestEmotionalIntelligence" name="test_generate_empathetic_response_joy" time="0.002" /><testcase classname="tests.consciousness.test_emotional_intelligence.TestEmotionalIntelligence" name="test_get_emotional_trend_improving" time="0.005" /><testcase classname="tests.consciousness.test_emotional_intelligence.TestEmotionalIntelligence" name="test_get_emotional_trend_declining" time="0.005" /><testcase classname="tests.consciousness.test_emotional_intelligence.TestEmotionalIntelligence" name="test_get_statistics" time="0.003" /><testcase classname="tests.consciousness.test_novelty_generator.TestConcept" name="test_concept_creation" time="0.002" /><testcase classname="tests.consciousness.test_novelty_generator.TestConcept" name="test_concept_hashable" time="0.002" /><testcase classname="tests.consciousness.test_novelty_generator.TestConcept" name="test_concept_default_values" time="0.001" /><testcase classname="tests.consciousness.test_novelty_generator.TestNoveltyDetector" name="test_detector_initialization" time="0.001" /><testcase classname="tests.consciousness.test_novelty_generator.TestNoveltyDetector" name="test_register_concept" time="0.003" /><testcase classname="tests.consciousness.test_novelty_generator.TestNoveltyDetector" name="test_statistical_rarity_novel" time="0.002" /><testcase classname="tests.consciousness.test_novelty_generator.TestNoveltyDetector" name="test_statistical_rarity_common" time="0.002" /><testcase classname="tests.consciousness.test_novelty_generator.TestNoveltyDetector" name="test_semantic_distance_empty_knowledge" time="0.002" /><testcase classname="tests.consciousness.test_novelty_generator.TestNoveltyDetector" name="test_semantic_distance_partial_overlap" time="0.003" /><testcase classname="tests.consciousness.test_novelty_generator.TestNoveltyDetector" name="test_structural_novelty" time="0.002" /><testcase classname="tests.consciousness.test_novelty_generator.TestNoveltyDetector" name="test_surprise_value" time="0.002" /><testcase classname="tests.consciousness.test_novelty_generator.TestConceptualBlender" name="test_blender_initialization" time="0.001" /><testcase classname="tests.consciousness.test_novelty_generator.TestConceptualBlender" name="test_add_concept" time="0.002" /><testcase classname="tests.consciousness.test_novelty_generator.TestConceptualBlender" name="test_merge_attributes_blend" time="0.002" /><testcase classname="tests.consciousness.test_novelty_generator.TestConceptualBlender" name="test_cross_map_blend" time="0.002" /><testcase classname="tests.consciousness.test_novelty_generator.TestConceptualBlender" name="test_selective_projection_blend" time="0.002" /><testcase classname="tests.consciousness.test_novelty_generator.TestConceptualBlender" name="test_generate_creative_blend_insufficient_concepts" time="0.003" /><testcase classname="tests.consciousness.test_novelty_generator.TestConceptualBlender" name="test_generate_creative_blend_success" time="0.002" /><testcase classname="tests.consciousness.test_novelty_generator.TestNoveltyGenerator" name="test_generator_initialization" time="0.002" /><testcase classname="tests.consciousness.test_novelty_generator.TestNoveltyGenerator" name="test_generate_combinational_creativity" time="0.004" /><testcase classname="tests.consciousness.test_novelty_generator.TestNoveltyGenerator" name="test_generate_exploratory_creativity" time="0.002" /><testcase classname="tests.consciousness.test_novelty_generator.TestNoveltyGenerator" name="test_generate_transformational_creativity" time="0.003" /><testcase classname="tests.consciousness.test_novelty_generator.TestNoveltyGenerator" name="test_novelty_threshold_filtering" time="0.009" /><testcase classname="tests.consciousness.test_novelty_generator.TestNoveltyGenerator" name="test_generation_history_tracking" time="0.004" /><testcase classname="tests.consciousness.test_novelty_generator.TestNoveltyGenerator" name="test_get_generation_statistics_empty" time="0.001" /><testcase classname="tests.consciousness.test_novelty_generator.TestNoveltyGenerator" name="test_get_generation_statistics_with_data" time="0.004" /><testcase classname="tests.consciousness.test_novelty_generator.TestNoveltyGenerator" name="test_generate_with_empty_concepts" time="0.001" /><testcase classname="tests.consciousness.test_novelty_generator.TestCreativeOutputDataclass" name="test_creative_output_creation" time="0.001" /><testcase classname="tests.consciousness.test_novelty_generator.TestCreativeOutputDataclass" name="test_creative_output_default_values" time="0.001" /><testcase classname="tests.consciousness.test_novelty_generator.TestIntegration" name="test_end_to_end_novel_generation" time="0.004" /><testcase classname="tests.consciousness.test_novelty_generator.TestIntegration" name="test_multiple_generations_increase_knowledge" time="0.008" /><testcase classname="tests.consciousness.test_production_consciousness.TestProductionConsciousnessSystemInit" name="test_init_default_directory" time="0.001" /><testcase classname="tests.consciousness.test_production_consciousness.TestProductionConsciousnessSystemInit" name="test_init_custom_directory" time="0.001" /><testcase classname="tests.consciousness.test_production_consciousness.TestProductionConsciousnessSystemInit" name="test_init_creates_directory" time="0.003" /><testcase classname="tests.consciousness.test_production_consciousness.TestMeasurePhi" name="test_measure_phi_basic" time="0.002" /><testcase classname="tests.consciousness.test_production_consciousness.TestMeasurePhi" name="test_measure_phi_with_memory_sharing" time="0.002" /><testcase classname="tests.consciousness.test_production_consciousness.TestMeasurePhi" name="test_measure_phi_without_memory_sharing" time="0.002" /><testcase classname="tests.consciousness.test_production_consciousness.TestMeasurePhi" name="test_measure_phi_with_feedback_loops" time="0.004" /><testcase classname="tests.consciousness.test_production_consciousness.TestMeasurePhi" name="test_measure_phi_single_agent" time="0.002" /><testcase classname="tests.consciousness.test_production_consciousness.TestMeasurePhi" name="test_measure_phi_many_agents" time="0.006" /><testcase classname="tests.consciousness.test_production_consciousness.TestMeasurePhi" name="test_measure_phi_history_tracking" time="0.004" /><testcase classname="tests.consciousness.test_production_consciousness.TestSelfAwareness" name="test_measure_self_awareness_basic" time="0.002" /><testcase classname="tests.consciousness.test_production_consciousness.TestSelfAwareness" name="test_measure_self_awareness_history" time="0.002" /><testcase classname="tests.consciousness.test_production_consciousness.TestSelfAwareness" name="test_self_awareness_components" time="0.002" /><testcase classname="tests.consciousness.test_production_consciousness.TestIntegratedConsciousness" name="test_full_consciousness_assessment" time="0.005" /><testcase classname="tests.consciousness.test_production_consciousness.TestIntegratedConsciousness" name="test_consciousness_evolution_tracking" time="0.006" /><testcase classname="tests.consciousness.test_production_consciousness.TestIntegratedConsciousness" name="test_consciousness_with_varying_configurations" time="0.003" /><testcase classname="tests.consciousness.test_production_consciousness.TestConnectionsAndFeedback" name="test_connections_cleared_before_measurement" time="0.003" /><testcase classname="tests.consciousness.test_production_consciousness.TestConnectionsAndFeedback" name="test_bidirectional_connections_with_memory" time="0.002" /><testcase classname="tests.consciousness.test_production_consciousness.TestConnectionsAndFeedback" name="test_unidirectional_connections_without_memory" time="0.002" /><testcase classname="tests.consciousness.test_production_consciousness.TestEdgeCases" name="test_empty_agents_list" time="0.002" /><testcase classname="tests.consciousness.test_production_consciousness.TestEdgeCases" name="test_repeated_measurements" time="0.008" /><testcase classname="tests.consciousness.test_production_consciousness.TestEdgeCases" name="test_metrics_directory_persistence" time="0.002" /><testcase classname="tests.consciousness.test_qualia_engine.TestQuale" name="test_quale_creation" time="0.001" /><testcase classname="tests.consciousness.test_qualia_engine.TestQuale" name="test_quale_default_values" time="0.001" /><testcase classname="tests.consciousness.test_qualia_engine.TestSensoryQualia" name="test_sensory_qualia_initialization" time="0.002" /><testcase classname="tests.consciousness.test_qualia_engine.TestSensoryQualia" name="test_experience_visual" time="0.001" /><testcase classname="tests.consciousness.test_qualia_engine.TestSensoryQualia" name="test_experience_pattern" time="0.001" /><testcase classname="tests.consciousness.test_qualia_engine.TestSensoryQualia" name="test_get_recent_qualia" time="0.002" /><testcase classname="tests.consciousness.test_qualia_engine.TestEmotionalQualia" name="test_emotional_qualia_initialization" time="0.001" /><testcase classname="tests.consciousness.test_qualia_engine.TestEmotionalQualia" name="test_feel_emotion" time="0.003" /><testcase classname="tests.consciousness.test_qualia_engine.TestEmotionalQualia" name="test_feel_wonder" time="0.002" /><testcase classname="tests.consciousness.test_qualia_engine.TestEmotionalQualia" name="test_feel_curiosity" time="0.002" /><testcase classname="tests.consciousness.test_qualia_engine.TestEmotionalQualia" name="test_get_emotional_state_summary" time="0.002" /><testcase classname="tests.consciousness.test_qualia_engine.TestIntegratedInformationCalculator" name="test_iit_calculator_initialization" time="0.002" /><testcase classname="tests.consciousness.test_qualia_engine.TestIntegratedInformationCalculator" name="test_calculate_phi_empty" time="0.001" /><testcase classname="tests.consciousness.test_qualia_engine.TestIntegratedInformationCalculator" name="test_calculate_phi_isolated" time="0.001" /><testcase classname="tests.consciousness.test_qualia_engine.TestIntegratedInformationCalculator" name="test_calculate_phi_connected" time="0.001" /><testcase classname="tests.consciousness.test_qualia_engine.TestIntegratedInformationCalculator" name="test_calculate_phi_fully_connected" time="0.001" /><testcase classname="tests.consciousness.test_qualia_engine.TestIntegratedInformationCalculator" name="test_assess_integration_level_isolated" time="0.002" /><testcase classname="tests.consciousness.test_qualia_engine.TestIntegratedInformationCalculator" name="test_assess_integration_level_unified" time="0.001" /><testcase classname="tests.consciousness.test_qualia_engine.TestQualiaEngine" name="test_qualia_engine_initialization" time="0.002" /><testcase classname="tests.consciousness.test_qualia_engine.TestQualiaEngine" name="test_create_integrated_experience" time="0.002" /><testcase classname="tests.consciousness.test_qualia_engine.TestQualiaEngine" name="test_create_integrated_experience_empty" time="0.002" /><testcase classname="tests.consciousness.test_qualia_engine.TestQualiaEngine" name="test_experience_moment_visual_only" time="0.002" /><testcase classname="tests.consciousness.test_qualia_engine.TestQualiaEngine" name="test_experience_moment_emotion_only" time="0.002" /><testcase classname="tests.consciousness.test_qualia_engine.TestQualiaEngine" name="test_experience_moment_multimodal" time="0.004" /><testcase classname="tests.consciousness.test_qualia_engine.TestQualiaEngine" name="test_what_is_it_like_no_experiences" time="0.002" /><testcase classname="tests.consciousness.test_qualia_engine.TestQualiaEngine" name="test_what_is_it_like_with_experience" time="0.003" /><testcase classname="tests.consciousness.test_qualia_engine.TestQualiaEngine" name="test_assess_consciousness_level_no_experiences" time="0.003" /><testcase classname="tests.consciousness.test_qualia_engine.TestQualiaEngine" name="test_assess_consciousness_level_with_experiences" time="0.005" /><testcase classname="tests.consciousness.test_qualia_engine.TestIntegration" name="test_complete_phenomenological_cycle" time="0.003" /><testcase classname="tests.consciousness.test_qualia_engine.TestIntegration" name="test_phi_increases_with_connections" time="0.004" /><testcase classname="tests.consciousness.test_qualia_engine.TestIntegration" name="test_emotional_valence_affects_experience" time="0.003" /><testcase classname="tests.consciousness.test_qualia_engine.TestIntegration" name="test_consciousness_level_increases_with_experiences" time="0.016" /><testcase classname="tests.consciousness.test_qualia_engine.TestIntegration" name="test_what_is_it_like_reflects_integration" time="0.003" /><testcase classname="tests.consciousness.test_self_reflection.TestIntrospectionLog" name="test_create_introspection_log" time="0.002" /><testcase classname="tests.consciousness.test_self_reflection.TestIntrospectionLog" name="test_introspection_log_validation" time="0.003" /><testcase classname="tests.consciousness.test_self_reflection.TestSelfReflectionMetrics" name="test_create_metrics" time="0.001" /><testcase classname="tests.consciousness.test_self_reflection.TestSelfReflectionMetrics" name="test_overall_quality" time="0.001" /><testcase classname="tests.consciousness.test_self_reflection.TestSelfReflectionMetrics" name="test_metrics_validation" time="0.003" /><testcase classname="tests.consciousness.test_self_reflection.TestAdvancedSelfReflection" name="test_initialization" time="0.002" /><testcase classname="tests.consciousness.test_self_reflection.TestAdvancedSelfReflection" name="test_introspect_decision_making" time="0.003" /><testcase classname="tests.consciousness.test_self_reflection.TestAdvancedSelfReflection" name="test_introspect_performance" time="0.003" /><testcase classname="tests.consciousness.test_self_reflection.TestAdvancedSelfReflection" name="test_introspect_learning" time="0.004" /><testcase classname="tests.consciousness.test_self_reflection.TestAdvancedSelfReflection" name="test_introspect_resource_usage" time="0.003" /><testcase classname="tests.consciousness.test_self_reflection.TestAdvancedSelfReflection" name="test_introspection_history" time="0.003" /><testcase classname="tests.consciousness.test_self_reflection.TestAdvancedSelfReflection" name="test_introspection_history_limit" time="0.050" /><testcase classname="tests.consciousness.test_self_reflection.TestAdvancedSelfReflection" name="test_evaluate_self_reflection_quality_no_history" time="0.003" /><testcase classname="tests.consciousness.test_self_reflection.TestAdvancedSelfReflection" name="test_evaluate_self_reflection_quality_with_history" time="0.003" /><testcase classname="tests.consciousness.test_self_reflection.TestAdvancedSelfReflection" name="test_generate_self_improvement_plan" time="0.004" /><testcase classname="tests.consciousness.test_self_reflection.TestAdvancedSelfReflection" name="test_improvement_plan_quality_metrics" time="0.006" /><testcase classname="tests.consciousness.test_self_reflection.TestAdvancedSelfReflection" name="test_improvement_plan_action_items" time="0.004" /><testcase classname="tests.consciousness.test_self_reflection.TestAdvancedSelfReflection" name="test_get_statistics" time="0.004" /><testcase classname="tests.consciousness.test_self_reflection.TestAdvancedSelfReflection" name="test_focus_area_distribution" time="0.005" /><testcase classname="tests.consciousness.test_self_reflection.TestAdvancedSelfReflection" name="test_reflection_quality_history" time="0.006" /><testcase classname="tests.consciousness.test_serendipity_engine.TestConnection" name="test_connection_creation" time="0.003" /><testcase classname="tests.consciousness.test_serendipity_engine.TestConnection" name="test_connection_default_values" time="0.001" /><testcase classname="tests.consciousness.test_serendipity_engine.TestDiscovery" name="test_discovery_creation" time="0.002" /><testcase classname="tests.consciousness.test_serendipity_engine.TestDiscovery" name="test_discovery_default_values" time="0.001" /><testcase classname="tests.consciousness.test_serendipity_engine.TestConnectionDetector" name="test_detector_initialization" time="0.002" /><testcase classname="tests.consciousness.test_serendipity_engine.TestConnectionDetector" name="test_add_concept_simple" time="0.002" /><testcase classname="tests.consciousness.test_serendipity_engine.TestConnectionDetector" name="test_add_concept_with_relations" time="0.001" /><testcase classname="tests.consciousness.test_serendipity_engine.TestConnectionDetector" name="test_find_connections_direct" time="0.002" /><testcase classname="tests.consciousness.test_serendipity_engine.TestConnectionDetector" name="test_find_connections_indirect" time="0.001" /><testcase classname="tests.consciousness.test_serendipity_engine.TestConnectionDetector" name="test_find_connections_no_path" time="0.001" /><testcase classname="tests.consciousness.test_serendipity_engine.TestConnectionDetector" name="test_find_connections_max_length" time="0.002" /><testcase classname="tests.consciousness.test_serendipity_engine.TestConnectionDetector" name="test_detect_emergent_connection_success" time="0.001" /><testcase classname="tests.consciousness.test_serendipity_engine.TestConnectionDetector" name="test_detect_emergent_connection_no_path" time="0.001" /><testcase classname="tests.consciousness.test_serendipity_engine.TestConnectionDetector" name="test_get_network_statistics_empty" time="0.001" /><testcase classname="tests.consciousness.test_serendipity_engine.TestConnectionDetector" name="test_get_network_statistics_with_data" time="0.001" /><testcase classname="tests.consciousness.test_serendipity_engine.TestInsightGenerator" name="test_generator_initialization" time="0.001" /><testcase classname="tests.consciousness.test_serendipity_engine.TestInsightGenerator" name="test_generate_analogy" time="0.002" /><testcase classname="tests.consciousness.test_serendipity_engine.TestInsightGenerator" name="test_generate_synthesis" time="0.001" /><testcase classname="tests.consciousness.test_serendipity_engine.TestInsightGenerator" name="test_generate_inversion" time="0.001" /><testcase classname="tests.consciousness.test_serendipity_engine.TestInsightGenerator" name="test_get_insights_by_type" time="0.001" /><testcase classname="tests.consciousness.test_serendipity_engine.TestInsightGenerator" name="test_get_top_insights" time="0.002" /><testcase classname="tests.consciousness.test_serendipity_engine.TestSerendipityEngine" name="test_engine_initialization" time="0.002" /><testcase classname="tests.consciousness.test_serendipity_engine.TestSerendipityEngine" name="test_engine_initialization_no_random" time="0.001" /><testcase classname="tests.consciousness.test_serendipity_engine.TestSerendipityEngine" name="test_add_knowledge" time="0.001" /><testcase classname="tests.consciousness.test_serendipity_engine.TestSerendipityEngine" name="test_explore_connections_success" time="0.002" /><testcase classname="tests.consciousness.test_serendipity_engine.TestSerendipityEngine" name="test_explore_connections_no_path" time="0.002" /><testcase classname="tests.consciousness.test_serendipity_engine.TestSerendipityEngine" name="test_facilitate_happy_accident" time="0.003" /><testcase classname="tests.consciousness.test_serendipity_engine.TestSerendipityEngine" name="test_cross_domain_transfer" time="0.002" /><testcase classname="tests.consciousness.test_serendipity_engine.TestSerendipityEngine" name="test_invert_assumption" time="0.002" /><testcase classname="tests.consciousness.test_serendipity_engine.TestSerendipityEngine" name="test_random_exploration_disabled" time="0.001" /><testcase classname="tests.consciousness.test_serendipity_engine.TestSerendipityEngine" name="test_random_exploration_insufficient_concepts" time="0.003" /><testcase classname="tests.consciousness.test_serendipity_engine.TestSerendipityEngine" name="test_get_discovery_statistics_empty" time="0.001" /><testcase classname="tests.consciousness.test_serendipity_engine.TestSerendipityEngine" name="test_get_discovery_statistics_with_data" time="0.001" /><testcase classname="tests.consciousness.test_serendipity_engine.TestSerendipityEngine" name="test_get_top_discoveries" time="0.002" /><testcase classname="tests.consciousness.test_serendipity_engine.TestIntegration" name="test_end_to_end_discovery_pipeline" time="0.003" /><testcase classname="tests.consciousness.test_serendipity_engine.TestIntegration" name="test_multiple_serendipity_types" time="0.002" /><testcase classname="tests.consciousness.test_serendipity_engine.TestIntegration" name="test_knowledge_accumulation" time="0.002" /><testcase classname="tests.consciousness.test_serendipity_engine.TestIntegration" name="test_surprise_value_varies" time="0.002" /><testcase classname="tests.consciousness.test_theory_of_mind.TestBelief" name="test_create_belief" time="0.001" /><testcase classname="tests.consciousness.test_theory_of_mind.TestBelief" name="test_belief_confidence_validation" time="0.002" /><testcase classname="tests.consciousness.test_theory_of_mind.TestMentalStateModel" name="test_create_mental_model" time="0.001" /><testcase classname="tests.consciousness.test_theory_of_mind.TestMentalStateModel" name="test_mental_model_with_beliefs" time="0.001" /><testcase classname="tests.consciousness.test_theory_of_mind.TestTheoryOfMind" name="test_initialization" time="0.001" /><testcase classname="tests.consciousness.test_theory_of_mind.TestTheoryOfMind" name="test_observe_action" time="0.001" /><testcase classname="tests.consciousness.test_theory_of_mind.TestTheoryOfMind" name="test_observe_multiple_actions" time="0.002" /><testcase classname="tests.consciousness.test_theory_of_mind.TestTheoryOfMind" name="test_infer_intent_information_gathering" time="0.003" /><testcase classname="tests.consciousness.test_theory_of_mind.TestTheoryOfMind" name="test_infer_intent_problem_solving" time="0.002" /><testcase classname="tests.consciousness.test_theory_of_mind.TestTheoryOfMind" name="test_infer_intent_no_history" time="0.001" /><testcase classname="tests.consciousness.test_theory_of_mind.TestTheoryOfMind" name="test_attribute_mental_state_focused" time="0.002" /><testcase classname="tests.consciousness.test_theory_of_mind.TestTheoryOfMind" name="test_attribute_mental_state_exploring" time="0.002" /><testcase classname="tests.consciousness.test_theory_of_mind.TestTheoryOfMind" name="test_attribute_mental_state_problem_solving" time="0.002" /><testcase classname="tests.consciousness.test_theory_of_mind.TestTheoryOfMind" name="test_update_belief" time="0.002" /><testcase classname="tests.consciousness.test_theory_of_mind.TestTheoryOfMind" name="test_update_belief_replaces_existing" time="0.002" /><testcase classname="tests.consciousness.test_theory_of_mind.TestTheoryOfMind" name="test_max_beliefs_limit" time="0.006" /><testcase classname="tests.consciousness.test_theory_of_mind.TestTheoryOfMind" name="test_get_mental_model" time="0.002" /><testcase classname="tests.consciousness.test_theory_of_mind.TestTheoryOfMind" name="test_predict_next_action_focused" time="0.003" /><testcase classname="tests.consciousness.test_theory_of_mind.TestTheoryOfMind" name="test_predict_next_action_exploring" time="0.003" /><testcase classname="tests.consciousness.test_theory_of_mind.TestTheoryOfMind" name="test_get_statistics" time="0.002" /><testcase classname="tests.decision_making.test_autonomous_goal_setting.TestGoal" name="test_goal_initialization" time="0.003" /><testcase classname="tests.decision_making.test_autonomous_goal_setting.TestGoal" name="test_goal_custom_params" time="0.001" /><testcase classname="tests.decision_making.test_autonomous_goal_setting.TestGoal" name="test_goal_invalid_progress" time="0.003" /><testcase classname="tests.decision_making.test_autonomous_goal_setting.TestGoal" name="test_update_progress" time="0.001" /><testcase classname="tests.decision_making.test_autonomous_goal_setting.TestGoal" name="test_is_overdue" time="0.001" /><testcase classname="tests.decision_making.test_autonomous_goal_setting.TestGoal" name="test_time_remaining" time="0.001" /><testcase classname="tests.decision_making.test_autonomous_goal_setting.TestGoalHierarchy" name="test_initialization" time="0.001" /><testcase classname="tests.decisi
[...]
 classname="tests.test_security_forensics.TestNetworkSensors" name="test_network_host_creation" time="0.002" /><testcase classname="tests.test_security_forensics.TestNetworkSensors" name="test_network_anomaly_creation" time="0.002" /><testcase classname="tests.test_security_forensics.TestNetworkSensors" name="test_scan_localhost" time="0.022" /><testcase classname="tests.test_security_forensics.TestNetworkSensors" name="test_establish_baseline" time="12.238" /><testcase classname="tests.test_security_forensics.TestNetworkSensors" name="test_network_health_calculation" time="0.010" /><testcase classname="tests.test_security_forensics.TestNetworkSensors" name="test_anomaly_detection_new_host" time="0.012" /><testcase classname="tests.test_security_forensics.TestNetworkSensors" name="test_anomaly_detection_suspicious_ports" time="0.013" /><testcase classname="tests.test_security_forensics.TestWebScanner" name="test_web_scanner_initialization" time="0.129" /><testcase classname="tests.test_security_forensics.TestWebScanner" name="test_web_vulnerability_creation" time="0.001" /><testcase classname="tests.test_security_forensics.TestWebScanner" name="test_url_validation" time="0.130" /><testcase classname="tests.test_security_forensics.TestWebScanner" name="test_scan_url_invalid" time="0.131" /><testcase classname="tests.test_security_forensics.TestWebScanner" name="test_check_security_headers_localhost" time="0.136" /><testcase classname="tests.test_security_forensics.TestWebScanner" name="test_vulnerability_to_dict" time="0.131" /><testcase classname="tests.test_security_forensics.TestWebScanner" name="test_generate_summary" time="0.126" /><testcase classname="tests.test_security_forensics.TestSecurityOrchestrator" name="test_orchestrator_initialization" time="0.138" /><testcase classname="tests.test_security_forensics.TestSecurityOrchestrator" name="test_calculate_risk_score_low" time="0.139" /><testcase classname="tests.test_security_forensics.TestSecurityOrchestrator" name="test_calculate_risk_score_high" time="0.135" /><testcase classname="tests.test_security_forensics.TestSecurityOrchestrator" name="test_determine_status" time="0.136" /><testcase classname="tests.test_security_forensics.TestSecurityOrchestrator" name="test_generate_recommendations" time="0.136" /><testcase classname="tests.test_security_forensics.TestSecurityOrchestrator" name="test_run_full_security_audit" time="24.496" /><testcase classname="tests.test_security_forensics.TestIntegration" name="test_full_security_workflow" time="24.599" /><testcase classname="tests.test_security_forensics.TestIntegration" name="test_network_and_web_integration" time="0.153" /><testcase classname="tests.test_security_monitor_comprehensive.TestSecurityMonitorInitialization" name="test_initialization_default" time="0.004" /><testcase classname="tests.test_security_monitor_comprehensive.TestSecurityMonitorInitialization" name="test_initialization_custom_interval" time="0.006" /><testcase classname="tests.test_security_monitor_comprehensive.TestSecurityMonitorInitialization" name="test_log_directory_creation" time="0.004" /><testcase classname="tests.test_security_monitor_comprehensive.TestSecurityMonitorInitialization" name="test_known_safe_processes" time="0.006" /><testcase classname="tests.test_security_monitor_comprehensive.TestSecurityMonitorInitialization" name="test_suspicious_ports_configured" time="0.005" /><testcase classname="tests.test_security_monitor_comprehensive.TestSecurityMonitorInitialization" name="test_suspicious_processes_configured" time="0.004" /><testcase classname="tests.test_security_monitor_comprehensive.TestSecurityMonitorInitialization" name="test_thresholds_configured" time="0.006" /><testcase classname="tests.test_security_monitor_comprehensive.TestSecurityEvent" name="test_security_event_creation" time="0.001" /><testcase classname="tests.test_security_monitor_comprehensive.TestSecurityEvent" name="test_security_event_optional_fields" time="0.001" /><testcase classname="tests.test_security_monitor_comprehensive.TestProcessSnapshot" name="test_process_snapshot_creation" time="0.001" /><testcase classname="tests.test_security_monitor_comprehensive.TestSecurityMonitorMethods" name="test_event_history_initialization" time="0.006" /><testcase classname="tests.test_security_monitor_comprehensive.TestSecurityMonitorMethods" name="test_monitoring_state_initial" time="0.005" /><testcase classname="tests.test_security_monitor_comprehensive.TestSecurityMonitorMethods" name="test_start_monitoring_state_check" time="0.004" /><testcase classname="tests.test_security_monitor_comprehensive.TestAnomalyType" name="test_anomaly_types_exist" time="0.002" /><testcase classname="tests.test_security_monitor_comprehensive.TestThreatLevel" name="test_threat_levels_exist" time="0.001" /><testcase classname="tests.test_security_monitoring" name="test_security_analytics" time="0.033" /><testcase classname="tests.test_security_monitoring" name="test_security_dashboard" time="0.033" /><testcase classname="tests.test_security_monitoring" name="test_event_correlation" time="0.034" /><testcase classname="tests.test_security_monitoring" name="test_get_correlated_events" time="0.046" /><testcase classname="tests.test_security_monitoring" name="test_automated_responses" time="0.039" /><testcase classname="tests.test_security_monitoring" name="test_threat_level_critical" time="0.035" /><testcase classname="tests.test_security_monitoring" name="test_event_resolution_tracking" time="0.037" /><testcase classname="tests.test_security_monitoring" name="test_security_metrics_tracking" time="0.034" /><testcase classname="tests.test_security_monitoring" name="test_event_rate_calculation" time="0.541" /><testcase classname="tests.test_security_monitoring" name="test_top_sources_tracking" time="0.041" /><testcase classname="tests.test_security_monitoring" name="test_related_events_linking" time="0.034" /><testcase classname="tests.test_security_monitoring" name="test_average_response_time" time="0.339" /><testcase classname="tests.test_security_phase7" name="test_init_loads_config" time="0.106" /><testcase classname="tests.test_security_phase7" name="test_tools_availability" time="0.100" /><testcase classname="tests.test_security_phase7" name="test_detect_suspicious_process" time="0.100" /><testcase classname="tests.test_security_phase7" name="test_detect_normal_process" time="0.099" /><testcase classname="tests.test_security_phase7" name="test_detect_suspicious_log" time="0.103" /><testcase classname="tests.test_security_phase7" name="test_detect_normal_log" time="0.103" /><testcase classname="tests.test_security_phase7" name="test_event_recorded" time="0.102" /><testcase classname="tests.test_security_phase7" name="test_generate_report_includes_summary" time="0.101" /><testcase classname="tests.test_security_phase7" name="test_audit_action_creates_log" time="0.107" /><testcase classname="tests.test_self_healing" name="test_self_healing_metrics_and_remediation" time="0.005" /><testcase classname="tests.test_self_healing" name="test_self_healing_monitor_failure_alerts" time="0.006" /><testcase classname="tests.test_self_healing" name="test_self_healing_remediation_failure" time="0.006" /><testcase classname="tests.test_self_healing" name="test_issue_to_dict" time="0.005" /><testcase classname="tests.test_self_healing" name="test_remediation_action_to_dict" time="0.006" /><testcase classname="tests.test_self_healing" name="test_get_issue_summary" time="0.005" /><testcase classname="tests.test_self_healing" name="test_self_healing_integration_initialization" time="0.006" /><testcase classname="tests.test_self_healing" name="test_self_healing_integration_status" time="0.006" /><testcase classname="tests.test_self_healing" name="test_multiple_monitors_and_remediations" time="0.006" /><testcase classname="tests.test_soc2_compliance" name="test_compliance_manager_initialization" time="0.004" /><testcase classname="tests.test_soc2_compliance" name="test_default_controls_loaded" time="0.003" /><testcase classname="tests.test_soc2_compliance" name="test_add_vulnerability" time="0.005" /><testcase classname="tests.test_soc2_compliance" name="test_add_pentest_result" time="0.005" /><testcase classname="tests.test_soc2_compliance" name="test_update_control_status" time="0.008" /><testcase classname="tests.test_soc2_compliance" name="test_generate_compliance_report" time="0.009" /><testcase classname="tests.test_soc2_compliance" name="test_compliance_score_calculation" time="0.011" /><testcase classname="tests.test_soc2_compliance" name="test_run_automated_security_scan" time="0.004" /><testcase classname="tests.test_soc2_compliance" name="test_vulnerability_finding_to_dict" time="0.002" /><testcase classname="tests.test_soc2_compliance" name="test_pentest_result_risk_summary" time="0.001" /><testcase classname="tests.test_soc2_compliance" name="test_controls_summary" time="0.004" /><testcase classname="tests.test_soc2_compliance" name="test_vulnerabilities_summary" time="0.005" /><testcase classname="tests.test_ssl_manager" name="test_ssl_manager_initialization" time="0.003" /><testcase classname="tests.test_ssl_manager" name="test_generate_self_signed_cert" time="0.106" /><testcase classname="tests.test_ssl_manager" name="test_validate_certificate" time="0.894" /><testcase classname="tests.test_ssl_manager" name="test_get_certificate_info" time="0.502" /><testcase classname="tests.test_ssl_manager" name="test_get_hsts_header" time="0.005" /><testcase classname="tests.test_ssl_manager" name="test_get_security_headers" time="0.003" /><testcase classname="tests.test_ssl_manager" name="test_get_uvicorn_ssl_config" time="1.336" /><testcase classname="tests.test_ssl_manager" name="test_export_certificate_status" time="0.400" /><testcase classname="tests.test_ssl_manager" name="test_create_production_ssl_config" time="0.003" /><testcase classname="tests.test_ssl_manager" name="test_ssl_config_to_dict" time="0.001" /><testcase classname="tests.test_supabase_adapter" name="test_supabase_config_from_text_parses_entries" time="0.001" /><testcase classname="tests.test_supabase_adapter" name="test_supabase_adapter_query_builds_filters" time="0.007" /><testcase classname="tests.test_supabase_adapter" name="test_supabase_adapter_requires_service_key_for_lists" time="0.002" /><testcase classname="tests.test_swarm_migration" name="test_distributed_solver_initialization" time="0.001" /><testcase classname="tests.test_swarm_migration" name="test_distributed_problem_decomposition" time="0.001" /><testcase classname="tests.test_swarm_migration" name="test_collective_learner_initialization" time="0.001" /><testcase classname="tests.test_swarm_migration" name="test_shared_experience" time="0.002" /><testcase classname="tests.test_task_tracking" name="test_create_task_with_analytics" time="0.050" /><testcase classname="tests.test_task_tracking" name="test_update_task_progress_tracking" time="0.047" /><testcase classname="tests.test_task_tracking" name="test_task_checkpoint" time="0.056" /><testcase classname="tests.test_task_tracking" name="test_record_task_operation" time="0.052" /><testcase classname="tests.test_task_tracking" name="test_get_task_analytics" time="0.077" /><testcase classname="tests.test_task_tracking" name="test_get_task_history_enhanced" time="0.060" /><testcase classname="tests.test_task_tracking" name="test_tasks_analytics_summary" time="0.064" /><testcase classname="tests.test_task_tracking" name="test_task_completion_tracking" time="0.050" /><testcase classname="tests.test_task_tracking" name="test_multiple_checkpoints" time="0.063" /><testcase classname="tests.test_task_tracking" name="test_task_error_tracking" time="0.056" /><testcase classname="tests.test_tools_integration" name="test_tools_framework_records_commands" time="0.011" /><testcase classname="tests.test_tools_integration" name="test_execute_command_blocks_forbidden" time="0.009" /><testcase classname="tests.test_trap_framework.TestTRAPScore" name="test_trap_score_initialization" time="0.001" /><testcase classname="tests.test_trap_framework.TestTRAPScore" name="test_overall_wisdom_calculation" time="0.001" /><testcase classname="tests.test_trap_framework.TestTRAPScore" name="test_trap_score_bounds" time="0.001" /><testcase classname="tests.test_trap_framework.TestTRAPComponent" name="test_component_enum_values" time="0.001" /><testcase classname="tests.test_trap_framework.TestTRAPComponent" name="test_component_count" time="0.001" /><testcase classname="tests.test_trap_framework.TestTRAPFramework" name="test_initialization" time="0.002" /><testcase classname="tests.test_trap_framework.TestTRAPFramework" name="test_evaluate_decision" time="0.001" /><testcase classname="tests.test_trap_framework.TestTRAPFramework" name="test_get_wisdom_score" time="0.001" /><testcase classname="tests.test_trap_framework.TestTRAPFramework" name="test_explain_decision" time="0.001" /><testcase classname="tests.test_trap_framework.TestTRAPFramework" name="test_metacognitive_level_getter" time="0.001" /><testcase classname="tests.test_trap_framework.TestTRAPFramework" name="test_advance_metacognitive_level" time="0.001" /><testcase classname="tests.test_trap_framework.TestTRAPFramework" name="test_transparency_scoring" time="0.002" /><testcase classname="tests.test_trap_framework.TestTRAPFramework" name="test_reasoning_scoring" time="0.001" /><testcase classname="tests.test_trap_framework.TestTRAPFramework" name="test_adaptation_scoring" time="0.001" /><testcase classname="tests.test_trap_framework.TestTRAPFramework" name="test_perception_scoring" time="0.001" /><testcase classname="tests.test_trap_framework.TestTRAPFramework" name="test_multiple_decisions_aggregation" time="0.001" /><testcase classname="tests.test_trap_framework.TestTRAPFramework" name="test_trap_levels_0_through_4" time="0.001" /><testcase classname="tests.test_trap_framework.TestTRAPIntegration" name="test_trap_with_neurosymbolic_inference" time="0.008" /><testcase classname="tests.test_trap_framework.TestTRAPIntegration" name="test_trap_explain_reasoning_chain" time="0.007" /><testcase classname="tests.tools.test_code_generator.TestCodeGenerator" name="test_initialization" time="0.002" /><testcase classname="tests.tools.test_code_generator.TestCodeGenerator" name="test_generate_agent" time="0.004" /><testcase classname="tests.tools.test_code_generator.TestCodeGenerator" name="test_generate_test" time="0.003" /><testcase classname="tests.tools.test_code_generator.TestCodeGenerator" name="test_generate_api_endpoint" time="0.004" /><testcase classname="tests.tools.test_code_generator.TestCodeGenerator" name="test_template_required_params" time="0.004" /><testcase classname="tests.tools.test_code_generator.TestCodeGenerator" name="test_invalid_template" time="0.004" /><testcase classname="tests.tools.test_code_generator.TestCodeGenerator" name="test_generate_docstring" time="0.002" /><testcase classname="tests.tools.test_code_generator" name="test_generate_agent_function" time="0.003" /><testcase classname="tests.tools.test_code_generator" name="test_generate_test_for_class_function" time="0.003" /><testcase classname="tests.tools.test_dependency_manager.TestPackageInfo" name="test_package_info_creation" time="0.001" /><testcase classname="tests.tools.test_dependency_manager.TestDependencyLockfile" name="test_lockfile_to_dict" time="0.002" /><testcase classname="tests.tools.test_dependency_manager.TestDependencyLockfile" name="test_lockfile_from_dict" time="0.001" /><testcase classname="tests.tools.test_dependency_manager.TestDependencyManager" name="test_dependency_manager_initialization" time="0.004" /><testcase classname="tests.tools.test_omnimind_tools.TestReadFileTool" name="test_tool_initialization" time="0.017" /><testcase classname="tests.tools.test_omnimind_tools.TestReadFileTool" name="test_read_existing_file" time="0.021" /><testcase classname="tests.tools.test_omnimind_tools.TestReadFileTool" name="test_read_nonexistent_file" time="0.017" /><testcase classname="tests.tools.test_omnimind_tools.TestReadFileTool" name="test_read_file_with_encoding" time="0.020" /><testcase classname="tests.tools.test_omnimind_tools.TestReadFileTool" name="test_read_file_exception_handling" time="0.018" /><testcase classname="tests.tools.test_omnimind_tools.TestSearchFilesTool" name="test_tool_initialization" time="0.017" /><testcase classname="tests.tools.test_omnimind_tools.TestSearchFilesTool" name="test_search_files_success" time="0.018" /><testcase classname="tests.tools.test_omnimind_tools.TestSearchFilesTool" name="test_search_files_with_max_results" time="0.018" /><testcase classname="tests.tools.test_omnimind_tools.TestSearchFilesTool" name="test_search_files_timeout" time="0.021" /><testcase classname="tests.tools.test_omnimind_tools.TestListFilesTool" name="test_list_existing_directory" time="0.020" /><testcase classname="tests.tools.test_omnimind_tools.TestListFilesTool" name="test_list_nonexistent_directory" time="0.018" /><testcase classname="tests.tools.test_omnimind_tools.TestWriteFileTool" name="test_write_new_file" time="0.025" /><testcase classname="tests.tools.test_omnimind_tools.TestWriteFileTool" name="test_write_file_permission_error" time="0.017" /><testcase classname="tests.tools.test_omnimind_tools.TestWriteFileTool" name="test_write_creates_directories" time="0.021" /><testcase classname="tests.tools.test_omnimind_tools.TestExecuteCommandTool" name="test_execute_simple_command" time="0.019" /><testcase classname="tests.tools.test_omnimind_tools.TestExecuteCommandTool" name="test_execute_command_with_error" time="0.017" /><testcase classname="tests.tools.test_omnimind_tools.TestExecuteCommandTool" name="test_execute_command_timeout" time="0.018" /><testcase classname="tests.tools.test_omnimind_tools.TestPlanTaskTool" name="test_plan_task_creation" time="0.017" /><testcase classname="tests.tools.test_omnimind_tools.TestPlanTaskTool" name="test_plan_task_with_empty_context" time="0.017" /><testcase classname="tests.tools.test_omnimind_tools.TestNewTaskTool" name="test_create_new_task" time="0.018" /><testcase classname="tests.tools.test_omnimind_tools.TestEpisodicMemoryTool" name="test_store_memory" time="0.019" /><testcase classname="tests.tools.test_omnimind_tools.TestEpisodicMemoryTool" name="test_retrieve_memory" time="0.018" /><testcase classname="tests.tools.test_omnimind_tools.TestEpisodicMemoryTool" name="test_invalid_action" time="0.018" /><testcase classname="tests.tools.test_omnimind_tools.TestAuditSecurityTool" name="test_audit_operation" time="0.017" /><testcase classname="tests.tools.test_omnimind_tools.TestAuditSecurityTool" name="test_audit_security_event" time="0.063" /><testcase classname="tests.tools.test_omnimind_tools.TestToolAuditing" name="test_read_tool_audits_success" time="0.019" /><testcase classname="tests.tools.test_omnimind_tools.TestToolAuditing" name="test_write_tool_audits_failure" time="0.018" /><testcase classname="tests.tools.test_omnimind_tools.TestToolErrorHandling" name="test_read_tool_handles_unicode_error" time="0.019" /><testcase classname="tests.tools.test_omnimind_tools.TestToolErrorHandling" name="test_execute_command_handles_shell_injection" time="0.019" /><testcase classname="tests.workflows.test_automated_code_review.TestCodeIssue" name="test_code_issue_creation" time="0.002" /><testcase classname="tests.workflows.test_automated_code_review.TestReviewResult" name="test_review_result_creation" time="0.001" /><testcase classname="tests.workflows.test_automated_code_review.TestReviewResult" name="test_add_issue" time="0.002" /><testcase classname="tests.workflows.test_automated_code_review.TestAutomatedCodeReviewer" name="test_reviewer_initialization" time="0.001" /><testcase classname="tests.workflows.test_automated_code_review.TestAutomatedCodeReviewer" name="test_review_good_code" time="0.029" /></testsuite></testsuites>