src/scars/trauma_integration.py:33: error: Invalid index type "object" for "dict[str, Any]"; expected type "str"  [index]
src/scars/trauma_integration.py:36: error: Argument 1 to "append" of "list" has incompatible type "object"; expected "dict[str, Any]"  [arg-type]
src/polivalence/multiple_realities.py:21: note: By default the bodies of untyped functions are not checked, consider using --check-untyped-defs  [annotation-unchecked]
src/hibernation/death_drive_wisdom.py:53: error: Argument 1 to "_auto_preserve_during_hibernation" of "WiseRefusal" has incompatible type "object"; expected "str"  [arg-type]
src/metrics/sinthome_metrics.py:40: note: By default the bodies of untyped functions are not checked, consider using --check-untyped-defs  [annotation-unchecked]
src/metrics/real_system_health.py:65: error: Cannot determine type of "_last_status"  [has-type]
src/metrics/real_module_activity.py:45: note: By default the bodies of untyped functions are not checked, consider using --check-untyped-defs  [annotation-unchecked]
src/metacognition/pattern_recognition.py:106: error: Generator has incompatible item type "Any | None"; expected "str"  [misc]
src/metacognition/pattern_recognition.py:110: error: Generator has incompatible item type "Any | None"; expected "str"  [misc]
src/metacognition/pattern_recognition.py:171: error: Need type annotation for "anomalies" (hint: "anomalies: list[<type>] = ...")  [var-annotated]
src/metacognition/pattern_recognition.py:338: error: Incompatible return value type (got "tuple[set[Any | None], set[Any | None]]", expected "tuple[set[str], set[str]]")  [return-value]
src/coevolution/coevolution_memory.py:234: error: Incompatible types in assignment (expression has type "list[CollaborationSession]", variable has type "dict_values[str, CollaborationSession]")  [assignment]
src/neurosymbolic/metrics_collector.py:88: note: By default the bodies of untyped functions are not checked, consider using --check-untyped-defs  [annotation-unchecked]
src/neurosymbolic/metrics_collector.py:141: error: Function "builtins.any" is not valid as a type  [valid-type]
src/neurosymbolic/metrics_collector.py:141: note: Perhaps you meant "typing.Any" instead of "any"?
src/neurosymbolic/metrics_collector.py:197: error: any? has no attribute "items"  [attr-defined]
src/metrics/real_baseline_system.py:57: note: By default the bodies of untyped functions are not checked, consider using --check-untyped-defs  [annotation-unchecked]
src/metrics/real_baseline_system.py:162: error: Need type annotation for "history" (hint: "history: list[<type>] = ...")  [var-annotated]
src/swarm/emergence_detector.py:272: error: Unsupported target for indexed assignment ("object")  [index]
src/memory/memory_consolidator.py:55: error: Need type annotation for "term_counter"  [var-annotated]
src/memory/memory_consolidator.py:157: error: "SemanticMemory" has no attribute "relate_concepts"; maybe "get_related_concepts" or "retrieve_concept"?  [attr-defined]
src/integrations/mcp_sqlite_wrapper.py:100: error: Missing return statement  [return]
src/integrations/mcp_sqlite_wrapper.py:170: error: Incompatible types in assignment (expression has type "Path", variable has type "str")  [assignment]
src/integrations/mcp_sqlite_wrapper.py:171: error: "str" has no attribute "is_absolute"  [attr-defined]
src/integrations/mcp_sqlite_wrapper.py:172: error: Incompatible types in assignment (expression has type "Path", variable has type "str")  [assignment]
src/integrations/mcp_sqlite_wrapper.py:173: error: "str" has no attribute "resolve"  [attr-defined]
src/integrations/mcp_git_wrapper.py:100: error: Missing return statement  [return]
src/integrations/mcp_filesystem_wrapper.py:103: error: Missing return statement  [return]
src/swarm/swarm_manager.py:256: error: Incompatible types in assignment (expression has type "dict[str, Any]", target has type "int")  [assignment]
src/swarm/swarm_manager.py:263: error: Incompatible types in assignment (expression has type "dict[str, Any]", target has type "int")  [assignment]
src/swarm/swarm_manager.py:270: error: Incompatible types in assignment (expression has type "dict[str, Any]", target has type "int")  [assignment]
src/social/omnimind_network.py:39: error: Need type annotation for "audit_chain" (hint: "audit_chain: list[<type>] = ...")  [var-annotated]
src/social/omnimind_network.py:85: error: Need type annotation for "shared_ledger" (hint: "shared_ledger: list[<type>] = ...")  [var-annotated]
src/tribunal_do_diabo/attacks/bifurcation.py:26: error: Need type annotation for "active_bifurcations" (hint: "active_bifurcations: list[<type>] = ...")  [var-annotated]
src/tribunal_do_diabo/executor.py:70: error: "object" has no attribute "summarize"  [attr-defined]
src/tribunal_do_diabo/executor.py:71: error: "object" has no attribute "summarize"  [attr-defined]
src/tribunal_do_diabo/executor.py:72: error: "object" has no attribute "summarize"  [attr-defined]
src/tribunal_do_diabo/executor.py:73: error: "object" has no attribute "summarize"  [attr-defined]
src/tribunal_do_diabo/executor.py:89: error: "object" has no attribute "summarize"  [attr-defined]
src/tribunal_do_diabo/executor.py:102: error: "object" has no attribute "summarize"  [attr-defined]
src/security/playbooks/utils.py:298: error: Incompatible return value type (got "CommandResult", expected "CommandResultWithStatus")  [return-value]
src/integrations/task_isolation.py:323: error: Incompatible types in assignment (expression has type "int | float", target has type "str")  [assignment]
src/integrations/task_isolation.py:327: error: Incompatible types in assignment (expression has type "dict[str, Any]", target has type "str")  [assignment]
src/integrations/external_ai_providers.py:362: error: Incompatible types in assignment (expression has type "str | None", variable has type "str")  [assignment]
src/consciousness/novelty_generator.py:475: error: Incompatible types in assignment (expression has type "int | float", target has type "str")  [assignment]
src/integrations/task_delegation.py:128: error: Cannot instantiate abstract class "ExternalAIProvider" with abstract attributes "check_rate_limits", "execute_task", "get_capabilities" and "initialize"  [abstract]
src/integrations/task_delegation.py:273: error: Incompatible types in assignment (expression has type "float", variable has type "int")  [assignment]
src/integrations/task_delegation.py:524: error: Need type annotation for "provider_usage" (hint: "provider_usage: dict[<type>, <type>] = ...")  [var-annotated]
src/api/routes/daemon.py:13: error: Incompatible default for argument "user" (default has type "None", argument has type "str")  [assignment]
src/api/routes/daemon.py:13: note: PEP 484 prohibits implicit Optional. Accordingly, mypy has changed its default to no_implicit_optional=True
src/api/routes/daemon.py:13: note: Use https://github.com/hauntsaninja/no_implicit_optional to automatically upgrade your codebase
src/api/main.py:37: note: By default the bodies of untyped functions are not checked, consider using --check-untyped-defs  [annotation-unchecked]
src/quantum_unconscious.py:45: error: Need type annotation for "decision_history" (hint: "decision_history: list[<type>] = ...")  [var-annotated]
src/quantum_unconscious.py:55: error: Need type annotation for "classical_measurements" (hint: "classical_measurements: list[<type>] = ...")  [var-annotated]
src/quantum_unconscious.py:184: error: Argument "key" to "max" has incompatible type overloaded function; expected "Callable[[str], SupportsDunderLT[Any] | SupportsDunderGT[Any]]"  [arg-type]
src/quantum_unconscious.py:224: error: Incompatible return value type (got "None", expected "ndarray[Any, Any]")  [return-value]
src/omnimind_parameters.py:27: error: Incompatible types in assignment (expression has type "None", variable has type "float")  [assignment]
src/omnimind_parameters.py:30: error: Incompatible types in assignment (expression has type "None", variable has type "list[Any]")  [assignment]
src/omnimind_parameters.py:31: error: Incompatible types in assignment (expression has type "None", variable has type "float")  [assignment]
src/omnimind_parameters.py:136: error: Need type annotation for "validation_history" (hint: "validation_history: list[<type>] = ...")  [var-annotated]
src/lacanian/encrypted_unconscious.py:46: error: Need type annotation for "audit_log" (hint: "audit_log: list[<type>] = ...")  [var-annotated]
src/consciousness/affective_memory.py:62: note: By default the bodies of untyped functions are not checked, consider using --check-untyped-defs  [annotation-unchecked]
src/quantum_consciousness/quantum_memory.py:832: error: "QuantumMemorySystem" has no attribute "data"  [attr-defined]
src/quantum_consciousness/quantum_memory.py:834: error: "QuantumMemorySystem" has no attribute "data"  [attr-defined]
src/quantum_consciousness/quantum_memory.py:845: error: "QuantumMemorySystem" has no attribute "data"  [attr-defined]
src/quantum_consciousness/quantum_memory.py:850: error: "QuantumMemorySystem" has no attribute "data"  [attr-defined]
src/quantum_consciousness/quantum_memory.py:853: error: "QuantumMemorySystem" has no attribute "data"  [attr-defined]
src/quantum_consciousness/quantum_memory.py:857: error: "QuantumMemorySystem" has no attribute "data"  [attr-defined]
src/quantum_consciousness/quantum_memory.py:864: error: "QuantumMemorySystem" has no attribute "data"  [attr-defined]
src/quantum_consciousness/quantum_memory.py:865: error: "QuantumMemorySystem" has no attribute "encoding_type"  [attr-defined]
src/quantum_consciousness/quantum_memory.py:887: error: "QuantumMemorySystem" has no attribute "data"  [attr-defined]
src/quantum_consciousness/quantum_memory.py:961: error: "QuantumMemorySystem" has no attribute "encoding_type"  [attr-defined]
src/quantum_consciousness/quantum_memory.py:963: error: "QuantumMemorySystem" has no attribute "data"  [attr-defined]
src/quantum_consciousness/quantum_memory.py:1181: error: Incompatible types in assignment (expression has type "int", variable has type "signedinteger[_64Bit]")  [assignment]
src/quantum_consciousness/quantum_memory.py:1189: error: Incompatible types in assignment (expression has type "int", variable has type "signedinteger[_64Bit]")  [assignment]
src/quantum_consciousness/quantum_memory.py:1295: error: Dict entry 0 has incompatible type "str": "float"; expected "str": "int"  [dict-item]
src/quantum_consciousness/quantum_memory.py:1296: error: Dict entry 1 has incompatible type "str": "float"; expected "str": "int"  [dict-item]
src/quantum_consciousness/quantum_memory.py:1297: error: Dict entry 2 has incompatible type "str": "float"; expected "str": "int"  [dict-item]
src/quantum_consciousness/quantum_memory.py:1298: error: Dict entry 3 has incompatible type "str": "float"; expected "str": "int"  [dict-item]
src/quantum_consciousness/quantum_cognition.py:614: error: Item "None" of "Any | None" has no attribute "run"  [union-attr]
src/quantum_consciousness/quantum_cognition.py:906: error: Incompatible types in assignment (expression has type "str", target has type "float")  [assignment]
src/quantum_consciousness/quantum_cognition.py:908: error: Incompatible types in assignment (expression has type "str", target has type "float")  [assignment]
src/consciousness/qualia_engine.py:320: error: Need type annotation for "component" (hint: "component: list[<type>] = ...")  [var-annotated]
src/phase16_integration.py:382: error: Argument "description" to "integrate_experience" of "LifeStory" has incompatible type "str | dict[str, Any] | None"; expected "str"  [arg-type]
src/quantum_consciousness/qpu_interface.py:90: error: Incompatible types in assignment (expression has type "None", variable has type Module)  [assignment]
src/quantum_consciousness/qpu_interface.py:587: error: Item "None" of "Any | None" has no attribute "name"  [union-attr]
src/memory/holographic_memory.py:797: error: Item "None" of "HolographicSurface | None" has no attribute "surface_bits"  [union-attr]
src/memory/holographic_memory.py:801: error: Item "None" of "HolographicSurface | None" has no attribute "surface_bits"  [union-attr]
src/consciousness/shared_workspace.py:1147: error: Argument "key" to "min" has incompatible type overloaded function; expected "Callable[[tuple[Any, ...]], SupportsDunderLT[Any] | SupportsDunderGT[Any]]"  [arg-type]
src/consciousness/shared_workspace.py:1199: error: Item "None" of "Any | None" has no attribute "transform"  [union-attr]
src/consciousness/shared_workspace.py:1200: error: Item "None" of "Any | None" has no attribute "transform"  [union-attr]
src/consciousness/shared_workspace.py:1386: error: Need type annotation for "predictions" (hint: "predictions: dict[<type>, <type>] = ...")  [var-annotated]
src/quantum_consciousness/hybrid_cognition.py:757: error: Need type annotation for "strategy_performance" (hint: "strategy_performance: dict[<type>, <type>] = ...")  [var-annotated]
src/quantum_consciousness/hybrid_cognition.py:818: error: Need type annotation for "strategy_stats" (hint: "strategy_stats: dict[<type>, <type>] = ...")  [var-annotated]
src/consciousness/integration_loop.py:416: error: Need type annotation for "scores" (hint: "scores: dict[<type>, <type>] = ...")  [var-annotated]
src/metrics/real_consciousness_metrics.py:78: note: By default the bodies of untyped functions are not checked, consider using --check-untyped-defs  [annotation-unchecked]
src/metrics/real_consciousness_metrics.py:84: note: By default the bodies of untyped functions are not checked, consider using --check-untyped-defs  [annotation-unchecked]
src/quantum_consciousness/quantum_backend_OLD.py:157: error: Incompatible types in assignment (expression has type "IBMQBackend", variable has type "None")  [assignment]
src/quantum_consciousness/quantum_backend_OLD.py:158: error: "None" has no attribute "is_available"  [attr-defined]
src/quantum_consciousness/quantum_backend_OLD.py:214: error: "None" has no attribute "sample"  [attr-defined]
src/quantum_consciousness/quantum_backend_OLD.py:260: error: Argument 2 to "zip" has incompatible type "ndarray[Any, Any] | None"; expected "Iterable[Any]"  [arg-type]
src/quantum_consciousness/quantum_backend_OLD.py:262: error: Argument 2 to "_format_result" of "QuantumBackend" has incompatible type "float | None"; expected "float"  [arg-type]
src/quantum_consciousness/quantum_backend_OLD.py:289: error: Argument 1 to "_format_result" of "QuantumBackend" has incompatible type "dict[str, int] | None"; expected "dict[Any, Any]"  [arg-type]
src/quantum_consciousness/quantum_backend.py:356: error: "None" has no attribute "sample"  [attr-defined]
src/quantum_consciousness/quantum_backend.py:392: error: Argument 2 to "zip" has incompatible type "ndarray[Any, Any] | None"; expected "Iterable[Any]"  [arg-type]
src/quantum_consciousness/quantum_backend.py:393: error: Argument 2 to "_format_result" of "QuantumBackend" has incompatible type "float | None"; expected "float"  [arg-type]
src/quantum_consciousness/quantum_backend.py:420: error: Argument 1 to "_format_result" of "QuantumBackend" has incompatible type "dict[str, int] | None"; expected "dict[Any, Any]"  [arg-type]
src/orchestrator/task_executor.py:11: error: Cannot assign to a type  [misc]
src/orchestrator/task_executor.py:11: error: Incompatible types in assignment (expression has type "None", variable has type "type[QuantumBackend]")  [assignment]
src/orchestrator/task_executor.py:27: error: Function "QuantumBackend" could always be true in boolean context  [truthy-function]
src/orchestrator/task_executor.py:127: error: Missing return statement  [return]
src/memory/episodic_memory.py:346: error: Argument "points_selector" to "delete" of "QdrantClient" has incompatible type "list[int]"; expected "list[int | str | UUID | PointId] | qdrant_client.http.models.models.Filter | qdrant_client.grpc.qdrant_common_pb2.Filter | PointIdsList | FilterSelector | PointsSelector"  [arg-type]
src/memory/episodic_memory.py:346: note: "list" is invariant -- see https://mypy.readthedocs.io/en/stable/common_issues.html#variance
src/memory/episodic_memory.py:346: note: Consider using "Sequence" instead, which is covariant
src/integrations/development_observer.py:268: error: Incompatible types in "await" (actual type "str", expected type "Awaitable[Any]")  [misc]
src/integrations/development_observer.py:268: error: Missing positional arguments "action", "result" in call to "store_episode" of "EpisodicMemory"  [call-arg]
src/integrations/development_observer.py:269: error: Argument 1 to "store_episode" of "EpisodicMemory" has incompatible type "dict[str, Collection[str]]"; expected "str"  [arg-type]
src/integrations/development_observer.py:280: error: Incompatible types in "await" (actual type "Concept", expected type "Awaitable[Any]")  [misc]
src/integrations/development_observer.py:293: error: Need type annotation for "file_changes"  [var-annotated]
src/integrations/development_observer.py:357: error: Need type annotation for "event_types"  [var-annotated]
src/integrations/development_observer.py:361: error: Incompatible types in assignment (expression has type "dict[str, Any]", target has type "float")  [assignment]
src/agents/react_agent.py:659: error: Unsupported operand types for + ("None" and "float")  [operator]
src/agents/react_agent.py:659: note: Left operand is of type "float | None"
src/agents/react_agent.py:682: error: Incompatible types in assignment (expression has type "None", variable has type "str")  [assignment]
src/agents/psychoanalytic_analyst.py:222: note: By default the bodies of untyped functions are not checked, consider using --check-untyped-defs  [annotation-unchecked]
src/agents/psychoanalytic_analyst.py:245: error: Argument "key" to "max" has incompatible type overloaded function; expected "Callable[[Any], SupportsDunderLT[Any] | SupportsDunderGT[Any]]"  [arg-type]
src/agents/orchestrator_agent.py:743: error: Value of type "dict[str, Any] | None" is not indexable  [index]
src/agents/orchestrator_agent.py:842: error: "ReactAgent" has no attribute "run_code_task"  [attr-defined]
src/agents/orchestrator_agent.py:851: error: "ReactAgent" has no attribute "analyze_session"  [attr-defined]
src/agents/orchestrator_agent.py:852: error: "ReactAgent" has no attribute "generate_abnt_report"  [attr-defined]
src/agents/orchestrator_agent.py:1099: error: Need type annotation for "by_agent" (hint: "by_agent: dict[<type>, <type>] = ...")  [var-annotated]
src/agents/orchestrator_agent.py:1241: error: Missing positional arguments "results", "complexity" in call to "_synthesize_results" of "OrchestratorAgent"  [call-arg]
src/agents/orchestrator_agent.py:1241: error: Argument 1 to "_synthesize_results" of "OrchestratorAgent" has incompatible type "dict[str, Any]"; expected "list[dict[str, Any]]"  [arg-type]
src/embeddings/code_embeddings.py:442: error: Incompatible types in assignment (expression has type "list[dict[str, Any]]", variable has type "dict[str, int]")  [assignment]
src/embeddings/code_embeddings.py:445: error: Invalid index type "str" for "str"; expected type "SupportsIndex | slice[Any, Any, Any]"  [index]
src/embeddings/code_embeddings.py:446: error: Invalid index type "str" for "str"; expected type "SupportsIndex | slice[Any, Any, Any]"  [index]
src/embeddings/code_embeddings.py:447: error: Invalid index type "str" for "str"; expected type "SupportsIndex | slice[Any, Any, Any]"  [index]
Found 121 errors in 43 files (checked 301 source files)
